pgbench (16.3, server 18.0.0)
transaction type: H:\falcondb-main\workloads\workload_b_read_write\workload.sql
scaling factor: 1
query mode: simple
number of clients: 16
number of threads: 16
maximum number of tries: 1
duration: 60 s
number of transactions actually processed: 2946009
number of failed transactions: 0 (0.000%)
latency average = 0.325 ms
latency stddev = 0.098 ms
initial connection time = 8.312 ms
tps = 49106.208888 (without initial connection time)
statement latencies in milliseconds and failures:
         0.001           0  \set uid random(1, 50000)
         0.000           0  \set oid random(100001, 99999999)
         0.000           0  \set amount random(50, 9999)
         0.000           0  \set op random(1, 4)
         0.000           0  \if :op <= 2
         0.372           0  SELECT user_id, username, balance, status FROM users WHERE user_id = :uid;
         0.000           0  \elif :op = 3
         0.274           0  INSERT INTO orders (order_id, user_id, amount) VALUES (:oid, :uid, :amount) ON CONFLICT DO NOTHING;
         0.000           0  \else
         0.275           0  UPDATE users SET balance = balance + :amount WHERE user_id = :uid;
         0.000           0  \endif
progress: 5.0 s, 49300.5 tps, lat 0.324 ms stddev 0.090, 0 failed
progress: 10.0 s, 49239.4 tps, lat 0.324 ms stddev 0.089, 0 failed
progress: 15.0 s, 49293.2 tps, lat 0.324 ms stddev 0.091, 0 failed
progress: 20.0 s, 49295.2 tps, lat 0.324 ms stddev 0.091, 0 failed
progress: 25.0 s, 49172.8 tps, lat 0.325 ms stddev 0.092, 0 failed
progress: 30.0 s, 49205.1 tps, lat 0.325 ms stddev 0.094, 0 failed
progress: 35.0 s, 49152.5 tps, lat 0.325 ms stddev 0.096, 0 failed
progress: 40.0 s, 49045.4 tps, lat 0.326 ms stddev 0.098, 0 failed
progress: 45.0 s, 48915.7 tps, lat 0.327 ms stddev 0.101, 0 failed
progress: 50.0 s, 49040.5 tps, lat 0.326 ms stddev 0.105, 0 failed
progress: 55.0 s, 48708.7 tps, lat 0.328 ms stddev 0.111, 0 failed
