pgbench (16.3, server 18.0.0)
transaction type: H:\falcondb-main\workloads\workload_b_read_write\workload.sql
scaling factor: 1
query mode: simple
number of clients: 16
number of threads: 16
maximum number of tries: 1
duration: 60 s
number of transactions actually processed: 3337003
number of failed transactions: 0 (0.000%)
latency average = 0.287 ms
latency stddev = 0.073 ms
initial connection time = 14.903 ms
tps = 55630.093850 (without initial connection time)
statement latencies in milliseconds and failures:
         0.001           0  \set uid random(1, 50000)
         0.000           0  \set oid random(100001, 99999999)
         0.000           0  \set amount random(50, 9999)
         0.000           0  \set op random(1, 4)
         0.000           0  \if :op <= 2
         0.323           0  SELECT user_id, username, balance, status FROM users WHERE user_id = :uid;
         0.000           0  \elif :op = 3
         0.241           0  INSERT INTO orders (order_id, user_id, amount) VALUES (:oid, :uid, :amount) ON CONFLICT DO NOTHING;
         0.001           0  \else
         0.255           0  UPDATE users SET balance = balance + :amount WHERE user_id = :uid;
         0.001           0  \endif
progress: 5.0 s, 54649.5 tps, lat 0.291 ms stddev 0.081, 0 failed
progress: 10.0 s, 55402.3 tps, lat 0.288 ms stddev 0.074, 0 failed
progress: 15.0 s, 55421.6 tps, lat 0.288 ms stddev 0.074, 0 failed
progress: 20.0 s, 55491.3 tps, lat 0.288 ms stddev 0.073, 0 failed
progress: 25.0 s, 55710.6 tps, lat 0.287 ms stddev 0.073, 0 failed
progress: 30.0 s, 55746.2 tps, lat 0.286 ms stddev 0.072, 0 failed
progress: 35.0 s, 55841.4 tps, lat 0.286 ms stddev 0.072, 0 failed
progress: 40.0 s, 55657.7 tps, lat 0.287 ms stddev 0.073, 0 failed
progress: 45.0 s, 55740.2 tps, lat 0.287 ms stddev 0.072, 0 failed
progress: 50.0 s, 55728.8 tps, lat 0.287 ms stddev 0.072, 0 failed
progress: 55.0 s, 55970.7 tps, lat 0.285 ms stddev 0.071, 0 failed
