pgbench (16.3, server 18.0.0)
transaction type: H:\falcondb-main\workloads\workload_b_read_write\workload.sql
scaling factor: 1
query mode: simple
number of clients: 16
number of threads: 16
maximum number of tries: 1
duration: 60 s
number of transactions actually processed: 3050640
number of failed transactions: 0 (0.000%)
latency average = 0.314 ms
latency stddev = 0.096 ms
initial connection time = 13.945 ms
tps = 50854.929572 (without initial connection time)
statement latencies in milliseconds and failures:
         0.001           0  \set uid random(1, 50000)
         0.000           0  \set oid random(100001, 99999999)
         0.000           0  \set amount random(50, 9999)
         0.000           0  \set op random(1, 4)
         0.000           0  \if :op <= 2
         0.358           0  SELECT user_id, username, balance, status FROM users WHERE user_id = :uid;
         0.000           0  \elif :op = 3
         0.267           0  INSERT INTO orders (order_id, user_id, amount) VALUES (:oid, :uid, :amount) ON CONFLICT DO NOTHING;
         0.000           0  \else
         0.268           0  UPDATE users SET balance = balance + :amount WHERE user_id = :uid;
         0.000           0  \endif
progress: 5.0 s, 51037.8 tps, lat 0.312 ms stddev 0.090, 0 failed
progress: 10.0 s, 51232.7 tps, lat 0.312 ms stddev 0.086, 0 failed
progress: 15.0 s, 51166.7 tps, lat 0.312 ms stddev 0.087, 0 failed
progress: 20.0 s, 51140.2 tps, lat 0.312 ms stddev 0.088, 0 failed
progress: 25.0 s, 51038.4 tps, lat 0.313 ms stddev 0.090, 0 failed
progress: 30.0 s, 50961.4 tps, lat 0.313 ms stddev 0.091, 0 failed
progress: 35.0 s, 50738.3 tps, lat 0.315 ms stddev 0.094, 0 failed
progress: 40.0 s, 50869.7 tps, lat 0.314 ms stddev 0.096, 0 failed
progress: 45.0 s, 50628.3 tps, lat 0.315 ms stddev 0.100, 0 failed
progress: 50.0 s, 50542.4 tps, lat 0.316 ms stddev 0.106, 0 failed
progress: 55.0 s, 50417.8 tps, lat 0.317 ms stddev 0.110, 0 failed
