pgbench (16.3)
transaction type: H:\falcondb-main\workloads\workload_b_read_write\workload.sql
scaling factor: 1
query mode: simple
number of clients: 16
number of threads: 16
maximum number of tries: 1
duration: 60 s
number of transactions actually processed: 3980346
number of failed transactions: 0 (0.000%)
latency average = 0.239 ms
latency stddev = 0.106 ms
initial connection time = 427.688 ms
tps = 66814.545625 (without initial connection time)
statement latencies in milliseconds and failures:
         0.000           0  \set uid random(1, 50000)
         0.000           0  \set oid random(100001, 99999999)
         0.000           0  \set amount random(50, 9999)
         0.000           0  \set op random(1, 4)
         0.000           0  \if :op <= 2
         0.159           0  SELECT user_id, username, balance, status FROM users WHERE user_id = :uid;
         0.000           0  \elif :op = 3
         0.312           0  INSERT INTO orders (order_id, user_id, amount) VALUES (:oid, :uid, :amount) ON CONFLICT DO NOTHING;
         0.000           0  \else
         0.321           0  UPDATE users SET balance = balance + :amount WHERE user_id = :uid;
         0.000           0  \endif
progress: 5.0 s, 62408.7 tps, lat 0.234 ms stddev 0.102, 0 failed
progress: 10.0 s, 66640.6 tps, lat 0.240 ms stddev 0.104, 0 failed
progress: 15.0 s, 66510.3 tps, lat 0.240 ms stddev 0.108, 0 failed
progress: 20.0 s, 66652.8 tps, lat 0.240 ms stddev 0.104, 0 failed
progress: 25.0 s, 66688.1 tps, lat 0.240 ms stddev 0.106, 0 failed
progress: 30.0 s, 66791.1 tps, lat 0.239 ms stddev 0.105, 0 failed
progress: 35.0 s, 67022.7 tps, lat 0.238 ms stddev 0.104, 0 failed
progress: 40.0 s, 66809.2 tps, lat 0.239 ms stddev 0.105, 0 failed
progress: 45.0 s, 66650.5 tps, lat 0.240 ms stddev 0.108, 0 failed
progress: 50.0 s, 66678.3 tps, lat 0.240 ms stddev 0.103, 0 failed
progress: 55.0 s, 66758.4 tps, lat 0.239 ms stddev 0.104, 0 failed
