pgbench (16.3, server 18.0.0)
transaction type: H:\falcondb-main\workloads\workload_b_read_write\workload.sql
scaling factor: 1
query mode: simple
number of clients: 16
number of threads: 16
maximum number of tries: 1
duration: 60 s
number of transactions actually processed: 3283765
number of failed transactions: 0 (0.000%)
latency average = 0.292 ms
latency stddev = 0.089 ms
initial connection time = 13.522 ms
tps = 54739.673969 (without initial connection time)
statement latencies in milliseconds and failures:
         0.001           0  \set uid random(1, 50000)
         0.000           0  \set oid random(100001, 99999999)
         0.000           0  \set amount random(50, 9999)
         0.000           0  \set op random(1, 4)
         0.000           0  \if :op <= 2
         0.324           0  SELECT user_id, username, balance, status FROM users WHERE user_id = :uid;
         0.000           0  \elif :op = 3
         0.257           0  INSERT INTO orders (order_id, user_id, amount) VALUES (:oid, :uid, :amount) ON CONFLICT DO NOTHING;
         0.000           0  \else
         0.256           0  UPDATE users SET balance = balance + :amount WHERE user_id = :uid;
         0.001           0  \endif
progress: 5.0 s, 55607.4 tps, lat 0.286 ms stddev 0.069, 0 failed
progress: 10.0 s, 55596.5 tps, lat 0.287 ms stddev 0.070, 0 failed
progress: 15.0 s, 55504.7 tps, lat 0.288 ms stddev 0.071, 0 failed
progress: 20.0 s, 55151.7 tps, lat 0.290 ms stddev 0.074, 0 failed
progress: 25.0 s, 54647.8 tps, lat 0.292 ms stddev 0.080, 0 failed
progress: 30.0 s, 54868.7 tps, lat 0.291 ms stddev 0.080, 0 failed
progress: 35.0 s, 54658.7 tps, lat 0.292 ms stddev 0.085, 0 failed
progress: 40.0 s, 54444.4 tps, lat 0.293 ms stddev 0.091, 0 failed
progress: 45.0 s, 54256.7 tps, lat 0.294 ms stddev 0.098, 0 failed
progress: 50.0 s, 54182.7 tps, lat 0.295 ms stddev 0.102, 0 failed
progress: 55.0 s, 54071.5 tps, lat 0.295 ms stddev 0.113, 0 failed
progress: 60.0 s, 53759.6 tps, lat 0.297 ms stddev 0.123, 0 failed
