pgbench (16.3, server 18.0.0)
transaction type: H:\falcondb-main\workloads\workload_b_read_write\workload.sql
scaling factor: 1
query mode: simple
number of clients: 16
number of threads: 16
maximum number of tries: 1
duration: 60 s
number of transactions actually processed: 2969594
number of failed transactions: 0 (0.000%)
latency average = 0.323 ms
latency stddev = 0.099 ms
initial connection time = 14.845 ms
tps = 49504.996546 (without initial connection time)
statement latencies in milliseconds and failures:
         0.001           0  \set uid random(1, 50000)
         0.000           0  \set oid random(100001, 99999999)
         0.000           0  \set amount random(50, 9999)
         0.000           0  \set op random(1, 4)
         0.000           0  \if :op <= 2
         0.368           0  SELECT user_id, username, balance, status FROM users WHERE user_id = :uid;
         0.000           0  \elif :op = 3
         0.273           0  INSERT INTO orders (order_id, user_id, amount) VALUES (:oid, :uid, :amount) ON CONFLICT DO NOTHING;
         0.000           0  \else
         0.275           0  UPDATE users SET balance = balance + :amount WHERE user_id = :uid;
         0.001           0  \endif
progress: 5.0 s, 49352.9 tps, lat 0.323 ms stddev 0.094, 0 failed
progress: 10.0 s, 49938.8 tps, lat 0.320 ms stddev 0.089, 0 failed
progress: 15.0 s, 49967.8 tps, lat 0.320 ms stddev 0.090, 0 failed
progress: 20.0 s, 49840.5 tps, lat 0.320 ms stddev 0.090, 0 failed
progress: 25.0 s, 49716.4 tps, lat 0.321 ms stddev 0.093, 0 failed
progress: 30.0 s, 49450.9 tps, lat 0.323 ms stddev 0.094, 0 failed
progress: 35.0 s, 49585.2 tps, lat 0.322 ms stddev 0.097, 0 failed
progress: 40.0 s, 49282.2 tps, lat 0.324 ms stddev 0.100, 0 failed
progress: 45.0 s, 49307.1 tps, lat 0.324 ms stddev 0.103, 0 failed
progress: 50.0 s, 49149.1 tps, lat 0.325 ms stddev 0.109, 0 failed
progress: 55.0 s, 49321.7 tps, lat 0.324 ms stddev 0.111, 0 failed
