pgbench (16.3, server 18.0.0)
transaction type: H:\falcondb-main\workloads\workload_b_read_write\workload.sql
scaling factor: 1
query mode: simple
number of clients: 16
number of threads: 16
maximum number of tries: 1
duration: 60 s
number of transactions actually processed: 110219
number of failed transactions: 0 (0.000%)
latency average = 8.709 ms
latency stddev = 9.544 ms
initial connection time = 12.387 ms
tps = 1836.816979 (without initial connection time)
statement latencies in milliseconds and failures:
         0.001           0  \set uid random(1, 50000)
         0.000           0  \set oid random(100001, 99999999)
         0.000           0  \set amount random(50, 9999)
         0.000           0  \set op random(1, 4)
         0.000           0  \if :op <= 2
         7.699           0  SELECT user_id, username, balance, status FROM users WHERE user_id = :uid;
         0.000           0  \elif :op = 3
        11.743           0  INSERT INTO orders (order_id, user_id, amount) VALUES (:oid, :uid, :amount) ON CONFLICT DO NOTHING;
         0.000           0  \else
         7.699           0  UPDATE users SET balance = balance + :amount WHERE user_id = :uid;
         0.000           0  \endif
progress: 5.0 s, 5118.3 tps, lat 3.117 ms stddev 4.445, 0 failed
progress: 10.0 s, 2958.2 tps, lat 5.404 ms stddev 3.635, 0 failed
progress: 15.0 s, 2173.2 tps, lat 7.364 ms stddev 5.571, 0 failed
progress: 20.0 s, 1818.9 tps, lat 8.789 ms stddev 7.288, 0 failed
progress: 25.0 s, 1589.0 tps, lat 10.066 ms stddev 8.062, 0 failed
progress: 30.0 s, 1438.5 tps, lat 11.128 ms stddev 9.290, 0 failed
progress: 35.0 s, 1312.9 tps, lat 12.187 ms stddev 9.900, 0 failed
progress: 40.0 s, 1216.4 tps, lat 13.139 ms stddev 10.371, 0 failed
progress: 45.0 s, 1162.4 tps, lat 13.764 ms stddev 10.810, 0 failed
progress: 50.0 s, 1091.8 tps, lat 14.609 ms stddev 13.887, 0 failed
progress: 55.0 s, 1064.4 tps, lat 15.080 ms stddev 16.670, 0 failed
progress: 60.0 s, 1096.4 tps, lat 14.600 ms stddev 12.733, 0 failed
