pgbench (16.3, server 18.0.0)
transaction type: H:\falcondb-main\workloads\workload_b_read_write\workload.sql
scaling factor: 1
query mode: simple
number of clients: 16
number of threads: 16
maximum number of tries: 1
duration: 60 s
number of transactions actually processed: 4017057
number of failed transactions: 0 (0.000%)
latency average = 0.238 ms
latency stddev = 0.046 ms
initial connection time = 14.787 ms
tps = 66966.586698 (without initial connection time)
statement latencies in milliseconds and failures:
         0.001           0  \set uid random(1, 50000)
         0.000           0  \set oid random(100001, 99999999)
         0.000           0  \set amount random(50, 9999)
         0.000           0  \set op random(1, 4)
         0.000           0  \if :op <= 2
         0.242           0  SELECT user_id, username, balance, status FROM users WHERE user_id = :uid;
         0.000           0  \elif :op = 3
         0.225           0  INSERT INTO orders (order_id, user_id, amount) VALUES (:oid, :uid, :amount) ON CONFLICT DO NOTHING;
         0.001           0  \else
         0.237           0  UPDATE users SET balance = balance + :amount WHERE user_id = :uid;
         0.001           0  \endif
progress: 5.0 s, 66207.1 tps, lat 0.240 ms stddev 0.048, 0 failed
progress: 10.0 s, 66737.8 tps, lat 0.239 ms stddev 0.047, 0 failed
progress: 15.0 s, 66838.3 tps, lat 0.239 ms stddev 0.045, 0 failed
progress: 20.0 s, 67127.4 tps, lat 0.238 ms stddev 0.045, 0 failed
progress: 25.0 s, 66854.6 tps, lat 0.239 ms stddev 0.045, 0 failed
progress: 30.0 s, 67153.5 tps, lat 0.238 ms stddev 0.045, 0 failed
progress: 35.0 s, 67113.7 tps, lat 0.238 ms stddev 0.046, 0 failed
progress: 40.0 s, 67110.6 tps, lat 0.238 ms stddev 0.044, 0 failed
progress: 45.0 s, 67267.9 tps, lat 0.237 ms stddev 0.046, 0 failed
progress: 50.0 s, 66775.3 tps, lat 0.239 ms stddev 0.047, 0 failed
progress: 55.0 s, 67097.5 tps, lat 0.238 ms stddev 0.044, 0 failed
