pgbench (16.3, server 18.0.0)
transaction type: H:\falcondb-main\workloads\workload_b_read_write\workload.sql
scaling factor: 1
query mode: simple
number of clients: 16
number of threads: 16
maximum number of tries: 1
duration: 60 s
number of transactions actually processed: 3175044
number of failed transactions: 0 (0.000%)
latency average = 0.302 ms
latency stddev = 0.091 ms
initial connection time = 14.733 ms
tps = 52929.696451 (without initial connection time)
statement latencies in milliseconds and failures:
         0.001           0  \set uid random(1, 50000)
         0.000           0  \set oid random(100001, 99999999)
         0.000           0  \set amount random(50, 9999)
         0.000           0  \set op random(1, 4)
         0.000           0  \if :op <= 2
         0.335           0  SELECT user_id, username, balance, status FROM users WHERE user_id = :uid;
         0.000           0  \elif :op = 3
         0.265           0  INSERT INTO orders (order_id, user_id, amount) VALUES (:oid, :uid, :amount) ON CONFLICT DO NOTHING;
         0.000           0  \else
         0.265           0  UPDATE users SET balance = balance + :amount WHERE user_id = :uid;
         0.001           0  \endif
progress: 5.0 s, 53507.6 tps, lat 0.298 ms stddev 0.075, 0 failed
progress: 10.0 s, 53300.0 tps, lat 0.300 ms stddev 0.074, 0 failed
progress: 15.0 s, 53424.7 tps, lat 0.299 ms stddev 0.074, 0 failed
progress: 20.0 s, 53337.4 tps, lat 0.299 ms stddev 0.076, 0 failed
progress: 25.0 s, 53133.1 tps, lat 0.301 ms stddev 0.079, 0 failed
progress: 30.0 s, 53054.5 tps, lat 0.301 ms stddev 0.083, 0 failed
progress: 35.0 s, 52773.5 tps, lat 0.303 ms stddev 0.088, 0 failed
progress: 40.0 s, 52765.9 tps, lat 0.303 ms stddev 0.093, 0 failed
progress: 45.0 s, 52602.3 tps, lat 0.304 ms stddev 0.100, 0 failed
progress: 50.0 s, 52575.3 tps, lat 0.304 ms stddev 0.105, 0 failed
progress: 55.0 s, 52438.7 tps, lat 0.305 ms stddev 0.114, 0 failed
