pgbench (16.3)
transaction type: H:\falcondb-main\workloads\workload_b_read_write\workload.sql
scaling factor: 1
query mode: simple
number of clients: 16
number of threads: 16
maximum number of tries: 1
duration: 60 s
number of transactions actually processed: 3706818
number of failed transactions: 0 (0.000%)
latency average = 0.256 ms
latency stddev = 0.315 ms
initial connection time = 478.857 ms
tps = 62277.308210 (without initial connection time)
statement latencies in milliseconds and failures:
         0.001           0  \set uid random(1, 50000)
         0.000           0  \set oid random(100001, 99999999)
         0.000           0  \set amount random(50, 9999)
         0.000           0  \set op random(1, 4)
         0.000           0  \if :op <= 2
         0.170           0  SELECT user_id, username, balance, status FROM users WHERE user_id = :uid;
         0.000           0  \elif :op = 3
         0.336           0  INSERT INTO orders (order_id, user_id, amount) VALUES (:oid, :uid, :amount) ON CONFLICT DO NOTHING;
         0.000           0  \else
         0.343           0  UPDATE users SET balance = balance + :amount WHERE user_id = :uid;
         0.000           0  \endif
progress: 5.0 s, 59222.5 tps, lat 0.244 ms stddev 0.115, 0 failed
progress: 10.0 s, 62480.7 tps, lat 0.256 ms stddev 0.324, 0 failed
progress: 15.0 s, 63351.5 tps, lat 0.252 ms stddev 0.337, 0 failed
progress: 20.0 s, 63532.3 tps, lat 0.251 ms stddev 0.338, 0 failed
progress: 25.0 s, 62790.6 tps, lat 0.254 ms stddev 0.393, 0 failed
progress: 30.0 s, 60544.2 tps, lat 0.264 ms stddev 0.388, 0 failed
progress: 35.0 s, 61009.6 tps, lat 0.261 ms stddev 0.279, 0 failed
progress: 40.0 s, 61688.1 tps, lat 0.259 ms stddev 0.296, 0 failed
progress: 45.0 s, 62041.8 tps, lat 0.257 ms stddev 0.281, 0 failed
progress: 50.0 s, 61676.0 tps, lat 0.259 ms stddev 0.331, 0 failed
progress: 55.0 s, 61603.6 tps, lat 0.259 ms stddev 0.296, 0 failed
