pgbench (16.3, server 18.0.0)
transaction type: H:\falcondb-main\workloads\workload_b_read_write\workload.sql
scaling factor: 1
query mode: simple
number of clients: 16
number of threads: 16
maximum number of tries: 1
duration: 60 s
number of transactions actually processed: 4046018
number of failed transactions: 3 (0.000%)
latency average = 0.237 ms
latency stddev = 0.046 ms
initial connection time = 12.476 ms
tps = 67445.239535 (without initial connection time)
statement latencies in milliseconds and failures:
         0.001           0  \set uid random(1, 50000)
         0.000           0  \set oid random(100001, 99999999)
         0.000           0  \set amount random(50, 9999)
         0.000           0  \set op random(1, 4)
         0.000           0  \if :op <= 2
         0.243           0  SELECT user_id, username, balance, status FROM users WHERE user_id = :uid;
         0.000           0  \elif :op = 3
         0.224           0  INSERT INTO orders (order_id, user_id, amount) VALUES (:oid, :uid, :amount) ON CONFLICT DO NOTHING;
         0.001           0  \else
         0.229           3  UPDATE users SET balance = balance + :amount WHERE user_id = :uid;
         0.001           0  \endif
progress: 5.0 s, 66619.7 tps, lat 0.239 ms stddev 0.050, 0 failed
progress: 10.0 s, 67110.2 tps, lat 0.238 ms stddev 0.047, 0 failed
progress: 15.0 s, 67368.0 tps, lat 0.237 ms stddev 0.046, 1 failed
progress: 20.0 s, 67426.4 tps, lat 0.237 ms stddev 0.046, 1 failed
progress: 25.0 s, 67625.9 tps, lat 0.236 ms stddev 0.046, 1 failed
progress: 30.0 s, 67542.9 tps, lat 0.236 ms stddev 0.046, 0 failed
progress: 35.0 s, 67714.3 tps, lat 0.236 ms stddev 0.045, 0 failed
progress: 40.0 s, 67536.5 tps, lat 0.236 ms stddev 0.045, 0 failed
progress: 45.0 s, 67529.0 tps, lat 0.236 ms stddev 0.046, 0 failed
progress: 50.0 s, 67662.3 tps, lat 0.236 ms stddev 0.045, 0 failed
progress: 55.0 s, 67356.0 tps, lat 0.237 ms stddev 0.045, 0 failed
progress: 60.0 s, 67710.7 tps, lat 0.236 ms stddev 0.044, 0 failed
