pgbench (16.3, server 18.0.0)
transaction type: H:\falcondb-main\workloads\workload_b_read_write\workload.sql
scaling factor: 1
query mode: simple
number of clients: 16
number of threads: 16
maximum number of tries: 1
duration: 60 s
number of transactions actually processed: 3365920
number of failed transactions: 0 (0.000%)
latency average = 0.285 ms
latency stddev = 0.067 ms
initial connection time = 13.666 ms
tps = 56109.373270 (without initial connection time)
statement latencies in milliseconds and failures:
         0.001           0  \set uid random(1, 50000)
         0.000           0  \set oid random(100001, 99999999)
         0.000           0  \set amount random(50, 9999)
         0.000           0  \set op random(1, 4)
         0.000           0  \if :op <= 2
         0.312           0  SELECT user_id, username, balance, status FROM users WHERE user_id = :uid;
         0.000           0  \elif :op = 3
         0.254           0  INSERT INTO orders (order_id, user_id, amount) VALUES (:oid, :uid, :amount) ON CONFLICT DO NOTHING;
         0.000           0  \else
         0.253           0  UPDATE users SET balance = balance + :amount WHERE user_id = :uid;
         0.001           0  \endif
progress: 5.0 s, 55677.6 tps, lat 0.286 ms stddev 0.069, 0 failed
progress: 10.0 s, 55980.0 tps, lat 0.285 ms stddev 0.069, 0 failed
progress: 15.0 s, 55982.5 tps, lat 0.285 ms stddev 0.068, 0 failed
progress: 20.0 s, 56122.6 tps, lat 0.285 ms stddev 0.068, 0 failed
progress: 25.0 s, 56035.1 tps, lat 0.285 ms stddev 0.068, 0 failed
progress: 30.0 s, 56142.1 tps, lat 0.284 ms stddev 0.067, 0 failed
progress: 35.0 s, 56159.5 tps, lat 0.284 ms stddev 0.068, 0 failed
progress: 40.0 s, 56034.5 tps, lat 0.285 ms stddev 0.067, 0 failed
progress: 45.0 s, 56371.5 tps, lat 0.283 ms stddev 0.066, 0 failed
progress: 50.0 s, 56273.4 tps, lat 0.284 ms stddev 0.066, 0 failed
progress: 55.0 s, 56323.6 tps, lat 0.284 ms stddev 0.066, 0 failed
progress: 60.0 s, 56079.1 tps, lat 0.285 ms stddev 0.068, 0 failed
