pgbench (16.3, server 18.0.0)
transaction type: H:\falcondb-main\workloads\workload_b_read_write\workload.sql
scaling factor: 1
query mode: simple
number of clients: 16
number of threads: 16
maximum number of tries: 1
duration: 60 s
number of transactions actually processed: 3339843
number of failed transactions: 0 (0.000%)
latency average = 0.287 ms
latency stddev = 0.073 ms
initial connection time = 14.032 ms
tps = 55675.401286 (without initial connection time)
statement latencies in milliseconds and failures:
         0.001           0  \set uid random(1, 50000)
         0.000           0  \set oid random(100001, 99999999)
         0.000           0  \set amount random(50, 9999)
         0.000           0  \set op random(1, 4)
         0.000           0  \if :op <= 2
         0.322           0  SELECT user_id, username, balance, status FROM users WHERE user_id = :uid;
         0.000           0  \elif :op = 3
         0.242           0  INSERT INTO orders (order_id, user_id, amount) VALUES (:oid, :uid, :amount) ON CONFLICT DO NOTHING;
         0.001           0  \else
         0.255           0  UPDATE users SET balance = balance + :amount WHERE user_id = :uid;
         0.001           0  \endif
progress: 5.0 s, 54983.2 tps, lat 0.290 ms stddev 0.075, 0 failed
progress: 10.0 s, 55666.7 tps, lat 0.287 ms stddev 0.074, 0 failed
progress: 15.0 s, 55615.5 tps, lat 0.287 ms stddev 0.074, 0 failed
progress: 20.0 s, 55612.7 tps, lat 0.287 ms stddev 0.074, 0 failed
progress: 25.0 s, 55601.8 tps, lat 0.287 ms stddev 0.072, 0 failed
progress: 30.0 s, 55649.6 tps, lat 0.287 ms stddev 0.072, 0 failed
progress: 35.0 s, 55885.1 tps, lat 0.286 ms stddev 0.071, 0 failed
progress: 40.0 s, 55766.0 tps, lat 0.286 ms stddev 0.071, 0 failed
progress: 45.0 s, 55753.5 tps, lat 0.286 ms stddev 0.072, 0 failed
progress: 50.0 s, 55994.7 tps, lat 0.285 ms stddev 0.071, 0 failed
progress: 55.0 s, 55584.2 tps, lat 0.287 ms stddev 0.075, 0 failed
progress: 60.0 s, 55853.9 tps, lat 0.286 ms stddev 0.072, 0 failed
