pgbench (16.3, server 18.0.0)
transaction type: H:\falcondb-main\workloads\workload_c_durability\workload.sql
scaling factor: 1
query mode: simple
number of clients: 16
number of threads: 16
maximum number of tries: 1
duration: 30 s
number of transactions actually processed: 462032
number of failed transactions: 0 (0.000%)
latency average = 1.038 ms
latency stddev = 0.824 ms
initial connection time = 14.197 ms
tps = 15406.762547 (without initial connection time)
statement latencies in milliseconds and failures:
         0.001           0  \set seq_id random(1, 100000000)
         1.037           0  INSERT INTO commit_log (seq_id, payload) VALUES (:seq_id, 'durable-write-bench') ON CONFLICT DO NOTHING;
progress: 5.0 s, 13725.8 tps, lat 1.162 ms stddev 1.202, 0 failed
progress: 10.0 s, 15246.2 tps, lat 1.049 ms stddev 0.776, 0 failed
progress: 15.0 s, 15705.9 tps, lat 1.018 ms stddev 0.730, 0 failed
progress: 20.0 s, 15688.3 tps, lat 1.019 ms stddev 0.755, 0 failed
progress: 25.0 s, 15631.1 tps, lat 1.023 ms stddev 0.754, 0 failed
progress: 30.0 s, 16407.1 tps, lat 0.975 ms stddev 0.664, 0 failed
