pgbench (16.3, server 18.0.0)
transaction type: H:\falcondb-main\workloads\workload_c_durability\workload.sql
scaling factor: 1
query mode: simple
number of clients: 16
number of threads: 16
maximum number of tries: 1
duration: 60 s
number of transactions actually processed: 84135
number of failed transactions: 0 (0.000%)
latency average = 11.408 ms
latency stddev = 5.235 ms
initial connection time = 13.969 ms
tps = 1402.316423 (without initial connection time)
statement latencies in milliseconds and failures:
         0.001           0  \set seq_id random(1, 100000000)
        11.407           0  INSERT INTO commit_log (seq_id, payload) VALUES (:seq_id, 'durable-write-bench') ON CONFLICT DO NOTHING;
progress: 5.0 s, 1402.6 tps, lat 11.359 ms stddev 5.455, 0 failed
progress: 10.0 s, 1402.8 tps, lat 11.402 ms stddev 5.069, 0 failed
progress: 15.0 s, 1419.2 tps, lat 11.280 ms stddev 5.337, 0 failed
progress: 20.0 s, 1415.8 tps, lat 11.299 ms stddev 5.091, 0 failed
progress: 25.0 s, 1392.8 tps, lat 11.489 ms stddev 5.145, 0 failed
progress: 30.0 s, 1394.2 tps, lat 11.472 ms stddev 5.331, 0 failed
progress: 35.0 s, 1388.2 tps, lat 11.528 ms stddev 5.276, 0 failed
progress: 40.0 s, 1392.9 tps, lat 11.485 ms stddev 5.256, 0 failed
progress: 45.0 s, 1386.7 tps, lat 11.535 ms stddev 5.356, 0 failed
progress: 50.0 s, 1398.5 tps, lat 11.444 ms stddev 5.383, 0 failed
progress: 55.0 s, 1398.3 tps, lat 11.441 ms stddev 5.071, 0 failed
progress: 60.0 s, 1431.9 tps, lat 11.174 ms stddev 5.020, 0 failed
