pgbench (16.3, server 18.0.0)
transaction type: H:\falcondb-main\workloads\workload_c_durability\workload.sql
scaling factor: 1
query mode: simple
number of clients: 16
number of threads: 16
maximum number of tries: 1
duration: 30 s
number of transactions actually processed: 909631
number of failed transactions: 0 (0.000%)
latency average = 0.527 ms
latency stddev = 0.253 ms
initial connection time = 14.411 ms
tps = 30334.857939 (without initial connection time)
statement latencies in milliseconds and failures:
         0.001           0  \set seq_id random(1, 100000000)
         0.527           0  INSERT INTO commit_log (seq_id, payload) VALUES (:seq_id, 'durable-write-bench') ON CONFLICT DO NOTHING;
progress: 5.0 s, 30645.7 tps, lat 0.520 ms stddev 0.263, 0 failed
progress: 10.0 s, 30382.9 tps, lat 0.526 ms stddev 0.253, 0 failed
progress: 15.0 s, 29948.7 tps, lat 0.534 ms stddev 0.257, 0 failed
progress: 20.0 s, 30070.1 tps, lat 0.532 ms stddev 0.254, 0 failed
progress: 25.0 s, 30614.0 tps, lat 0.522 ms stddev 0.242, 0 failed
