pgbench (16.3, server 18.0.0)
transaction type: H:\falcondb-main\workloads\workload_c_durability\workload.sql
scaling factor: 1
query mode: simple
number of clients: 16
number of threads: 16
maximum number of tries: 1
duration: 60 s
number of transactions actually processed: 1035917
number of failed transactions: 0 (0.000%)
latency average = 0.924 ms
latency stddev = 0.213 ms
initial connection time = 122.963 ms
tps = 17300.343922 (without initial connection time)
statement latencies in milliseconds and failures:
         0.001           0  \set seq_id random(1, 100000000)
         0.924           0  INSERT INTO commit_log (seq_id, payload) VALUES (:seq_id, 'durable-write-bench') ON CONFLICT DO NOTHING;
progress: 5.0 s, 16405.1 tps, lat 0.951 ms stddev 0.238, 0 failed
progress: 10.0 s, 17326.2 tps, lat 0.923 ms stddev 0.201, 0 failed
progress: 15.0 s, 17299.8 tps, lat 0.924 ms stddev 0.213, 0 failed
progress: 20.0 s, 17480.0 tps, lat 0.915 ms stddev 0.199, 0 failed
progress: 25.0 s, 17362.9 tps, lat 0.921 ms stddev 0.203, 0 failed
progress: 30.0 s, 17276.5 tps, lat 0.926 ms stddev 0.211, 0 failed
progress: 35.0 s, 17367.6 tps, lat 0.921 ms stddev 0.213, 0 failed
progress: 40.0 s, 17423.2 tps, lat 0.918 ms stddev 0.206, 0 failed
progress: 45.0 s, 17298.1 tps, lat 0.925 ms stddev 0.226, 0 failed
progress: 50.0 s, 17403.3 tps, lat 0.919 ms stddev 0.198, 0 failed
progress: 55.0 s, 17283.6 tps, lat 0.925 ms stddev 0.224, 0 failed
progress: 60.0 s, 17257.0 tps, lat 0.927 ms stddev 0.218, 0 failed
