pgbench (16.3, server 18.0.0)
transaction type: H:\falcondb-main\workloads\workload_c_durability\workload.sql
scaling factor: 1
query mode: simple
number of clients: 16
number of threads: 16
maximum number of tries: 1
duration: 30 s
number of transactions actually processed: 913387
number of failed transactions: 0 (0.000%)
latency average = 0.525 ms
latency stddev = 0.249 ms
initial connection time = 15.108 ms
tps = 30458.687891 (without initial connection time)
statement latencies in milliseconds and failures:
         0.001           0  \set seq_id random(1, 100000000)
         0.524           0  INSERT INTO commit_log (seq_id, payload) VALUES (:seq_id, 'durable-write-bench') ON CONFLICT DO NOTHING;
progress: 5.0 s, 30957.5 tps, lat 0.515 ms stddev 0.242, 0 failed
progress: 10.0 s, 30565.6 tps, lat 0.523 ms stddev 0.247, 0 failed
progress: 15.0 s, 30815.9 tps, lat 0.519 ms stddev 0.242, 0 failed
progress: 20.0 s, 30193.9 tps, lat 0.529 ms stddev 0.251, 0 failed
progress: 25.0 s, 30192.1 tps, lat 0.529 ms stddev 0.257, 0 failed
progress: 30.0 s, 29950.7 tps, lat 0.534 ms stddev 0.257, 0 failed
