pgbench (16.3, server 18.0.0)
transaction type: H:\falcondb-main\workloads\workload_c_durability\workload.sql
scaling factor: 1
query mode: simple
number of clients: 64
number of threads: 64
maximum number of tries: 1
duration: 30 s
number of transactions actually processed: 409243
number of failed transactions: 0 (0.000%)
latency average = 4.682 ms
latency stddev = 3.802 ms
initial connection time = 60.597 ms
tps = 13664.724401 (without initial connection time)
statement latencies in milliseconds and failures:
         0.001           0  \set seq_id random(1, 100000000)
         4.682           0  INSERT INTO commit_log (seq_id, payload) VALUES (:seq_id, 'durable-write-bench') ON CONFLICT DO NOTHING;
progress: 5.0 s, 9477.7 tps, lat 6.668 ms stddev 5.079, 0 failed
progress: 10.0 s, 14748.0 tps, lat 4.336 ms stddev 3.428, 0 failed
progress: 15.0 s, 14428.8 tps, lat 4.440 ms stddev 3.307, 0 failed
progress: 20.0 s, 16604.8 tps, lat 3.854 ms stddev 2.686, 0 failed
progress: 25.0 s, 15516.5 tps, lat 4.124 ms stddev 3.481, 0 failed
progress: 30.0 s, 11065.0 tps, lat 5.783 ms stddev 4.556, 0 failed
