pgbench (16.3)
transaction type: H:\falcondb-main\workloads\workload_c_durability\workload.sql
scaling factor: 1
query mode: simple
number of clients: 16
number of threads: 16
maximum number of tries: 1
duration: 30 s
number of transactions actually processed: 1618549
number of failed transactions: 0 (0.000%)
latency average = 0.291 ms
latency stddev = 0.113 ms
initial connection time = 479.590 ms
tps = 54826.332644 (without initial connection time)
statement latencies in milliseconds and failures:
         0.001           0  \set seq_id random(1, 100000000)
         0.291           0  INSERT INTO commit_log (seq_id, payload) VALUES (:seq_id, 'durable-write-bench') ON CONFLICT DO NOTHING;
progress: 5.0 s, 53326.5 tps, lat 0.271 ms stddev 0.124, 0 failed
progress: 10.0 s, 53977.8 tps, lat 0.296 ms stddev 0.117, 0 failed
progress: 15.0 s, 53785.3 tps, lat 0.297 ms stddev 0.101, 0 failed
progress: 20.0 s, 54116.4 tps, lat 0.295 ms stddev 0.124, 0 failed
progress: 25.0 s, 53639.5 tps, lat 0.298 ms stddev 0.103, 0 failed
