pgbench (16.3, server 18.0.0)
transaction type: H:\falcondb-main\workloads\workload_c_durability\workload.sql
scaling factor: 1
query mode: simple
number of clients: 16
number of threads: 16
maximum number of tries: 1
duration: 60 s
number of transactions actually processed: 210037
number of failed transactions: 0 (0.000%)
latency average = 4.567 ms
latency stddev = 2.396 ms
initial connection time = 46.623 ms
tps = 3502.880053 (without initial connection time)
statement latencies in milliseconds and failures:
         0.001           0  \set seq_id random(1, 100000000)
         4.568           0  INSERT INTO commit_log (seq_id, payload) VALUES (:seq_id, 'durable-write-bench') ON CONFLICT DO NOTHING;
progress: 5.0 s, 3449.8 tps, lat 4.594 ms stddev 2.415, 0 failed
progress: 10.0 s, 3605.8 tps, lat 4.433 ms stddev 2.333, 0 failed
progress: 15.0 s, 3453.2 tps, lat 4.636 ms stddev 2.400, 0 failed
progress: 20.0 s, 3478.2 tps, lat 4.597 ms stddev 2.383, 0 failed
progress: 25.0 s, 3431.1 tps, lat 4.664 ms stddev 2.443, 0 failed
progress: 30.0 s, 3480.2 tps, lat 4.597 ms stddev 2.422, 0 failed
progress: 35.0 s, 3471.4 tps, lat 4.609 ms stddev 2.401, 0 failed
progress: 40.0 s, 3502.4 tps, lat 4.567 ms stddev 2.346, 0 failed
progress: 45.0 s, 3584.6 tps, lat 4.464 ms stddev 2.331, 0 failed
progress: 50.0 s, 3387.5 tps, lat 4.725 ms stddev 2.430, 0 failed
progress: 55.0 s, 3561.0 tps, lat 4.491 ms stddev 2.398, 0 failed
progress: 60.0 s, 3599.1 tps, lat 4.443 ms stddev 2.421, 0 failed
