pgbench (16.3, server 18.0.0)
transaction type: H:\falcondb-main\workloads\workload_c_durability\workload.sql
scaling factor: 1
query mode: simple
number of clients: 16
number of threads: 16
maximum number of tries: 1
duration: 60 s
number of transactions actually processed: 253353
number of failed transactions: 0 (0.000%)
latency average = 3.788 ms
latency stddev = 2.095 ms
initial connection time = 14.009 ms
tps = 4223.307098 (without initial connection time)
statement latencies in milliseconds and failures:
         0.001           0  \set seq_id random(1, 100000000)
         3.788           0  INSERT INTO commit_log (seq_id, payload) VALUES (:seq_id, 'durable-write-bench') ON CONFLICT DO NOTHING;
progress: 5.0 s, 4172.4 tps, lat 3.823 ms stddev 2.167, 0 failed
progress: 10.0 s, 4184.2 tps, lat 3.821 ms stddev 2.140, 0 failed
progress: 15.0 s, 4110.0 tps, lat 3.895 ms stddev 2.164, 0 failed
progress: 20.0 s, 4164.8 tps, lat 3.840 ms stddev 2.185, 0 failed
progress: 25.0 s, 4227.4 tps, lat 3.786 ms stddev 2.125, 0 failed
progress: 30.0 s, 4080.8 tps, lat 3.918 ms stddev 2.174, 0 failed
progress: 35.0 s, 4252.3 tps, lat 3.762 ms stddev 2.060, 0 failed
progress: 40.0 s, 4296.2 tps, lat 3.725 ms stddev 2.022, 0 failed
progress: 45.0 s, 4249.4 tps, lat 3.764 ms stddev 2.009, 0 failed
progress: 50.0 s, 4392.7 tps, lat 3.641 ms stddev 2.008, 0 failed
progress: 55.0 s, 4278.5 tps, lat 3.741 ms stddev 2.001, 0 failed
progress: 60.0 s, 4259.0 tps, lat 3.756 ms stddev 2.077, 0 failed
