pgbench (16.3, server 18.0.0)
transaction type: H:\falcondb-main\workloads\workload_c_durability\workload.sql
scaling factor: 1
query mode: simple
number of clients: 16
number of threads: 16
maximum number of tries: 1
duration: 30 s
number of transactions actually processed: 502294
number of failed transactions: 0 (0.000%)
latency average = 0.955 ms
latency stddev = 0.917 ms
initial connection time = 16.912 ms
tps = 16750.416414 (without initial connection time)
statement latencies in milliseconds and failures:
         0.001           0  \set seq_id random(1, 100000000)
         0.954           0  INSERT INTO commit_log (seq_id, payload) VALUES (:seq_id, 'durable-write-bench') ON CONFLICT DO NOTHING;
progress: 5.0 s, 16300.1 tps, lat 0.978 ms stddev 1.059, 0 failed
progress: 10.0 s, 16144.0 tps, lat 0.990 ms stddev 0.954, 0 failed
progress: 15.0 s, 17354.0 tps, lat 0.921 ms stddev 0.841, 0 failed
progress: 20.0 s, 18072.6 tps, lat 0.885 ms stddev 0.751, 0 failed
progress: 25.0 s, 15654.6 tps, lat 1.021 ms stddev 1.014, 0 failed
progress: 30.0 s, 16931.5 tps, lat 0.944 ms stddev 0.869, 0 failed
