pgbench (16.3, server 18.0.0)
transaction type: H:\falcondb-main\workloads\workload_c_durability\workload.sql
scaling factor: 1
query mode: simple
number of clients: 32
number of threads: 32
maximum number of tries: 1
duration: 30 s
number of transactions actually processed: 348902
number of failed transactions: 0 (0.000%)
latency average = 2.749 ms
latency stddev = 1.006 ms
initial connection time = 21.501 ms
tps = 11637.234427 (without initial connection time)
statement latencies in milliseconds and failures:
         0.001           0  \set seq_id random(1, 100000000)
         2.749           0  INSERT INTO commit_log (seq_id, payload) VALUES (:seq_id, 'durable-write-bench') ON CONFLICT DO NOTHING;
progress: 5.0 s, 11515.1 tps, lat 2.766 ms stddev 1.002, 0 failed
progress: 10.0 s, 11510.0 tps, lat 2.780 ms stddev 1.021, 0 failed
progress: 15.0 s, 11559.4 tps, lat 2.768 ms stddev 1.000, 0 failed
progress: 20.0 s, 11616.5 tps, lat 2.754 ms stddev 1.026, 0 failed
progress: 25.0 s, 11754.0 tps, lat 2.721 ms stddev 0.992, 0 failed
