pgbench (16.3, server 18.0.0)
transaction type: H:\falcondb-main\workloads\workload_c_durability\workload.sql
scaling factor: 1
query mode: simple
number of clients: 16
number of threads: 16
maximum number of tries: 1
duration: 30 s
number of transactions actually processed: 492378
number of failed transactions: 0 (0.000%)
latency average = 0.971 ms
latency stddev = 0.739 ms
initial connection time = 107.887 ms
tps = 16471.068450 (without initial connection time)
statement latencies in milliseconds and failures:
         0.001           0  \set seq_id random(1, 100000000)
         0.970           0  INSERT INTO commit_log (seq_id, payload) VALUES (:seq_id, 'durable-write-bench') ON CONFLICT DO NOTHING;
progress: 5.0 s, 14443.4 tps, lat 1.084 ms stddev 1.025, 0 failed
progress: 10.0 s, 15969.8 tps, lat 1.001 ms stddev 0.710, 0 failed
progress: 15.0 s, 18065.2 tps, lat 0.885 ms stddev 0.570, 0 failed
progress: 20.0 s, 17840.6 tps, lat 0.896 ms stddev 0.603, 0 failed
progress: 25.0 s, 15766.5 tps, lat 1.014 ms stddev 0.772, 0 failed
