pgbench (16.3, server 18.0.0)
transaction type: H:\falcondb-main\workloads\workload_c_durability\workload.sql
scaling factor: 1
query mode: simple
number of clients: 16
number of threads: 16
maximum number of tries: 1
duration: 30 s
number of transactions actually processed: 359746
number of failed transactions: 0 (0.000%)
latency average = 1.333 ms
latency stddev = 1.468 ms
initial connection time = 17.745 ms
tps = 11996.223457 (without initial connection time)
statement latencies in milliseconds and failures:
         0.001           0  \set seq_id random(1, 100000000)
         1.332           0  INSERT INTO commit_log (seq_id, payload) VALUES (:seq_id, 'durable-write-bench') ON CONFLICT DO NOTHING;
progress: 5.0 s, 13592.1 tps, lat 1.172 ms stddev 1.098, 0 failed
progress: 10.0 s, 14915.7 tps, lat 1.072 ms stddev 0.870, 0 failed
progress: 15.0 s, 12002.4 tps, lat 1.331 ms stddev 1.386, 0 failed
progress: 20.0 s, 12024.0 tps, lat 1.330 ms stddev 1.563, 0 failed
progress: 25.0 s, 9937.6 tps, lat 1.609 ms stddev 1.935, 0 failed
progress: 30.0 s, 9472.7 tps, lat 1.688 ms stddev 1.904, 0 failed
