pgbench (16.3, server 18.0.0)
transaction type: H:\falcondb-main\workloads\workload_c_durability\workload.sql
scaling factor: 1
query mode: simple
number of clients: 16
number of threads: 16
maximum number of tries: 1
duration: 30 s
number of transactions actually processed: 913397
number of failed transactions: 0 (0.000%)
latency average = 0.525 ms
latency stddev = 0.249 ms
initial connection time = 10.152 ms
tps = 30454.205597 (without initial connection time)
statement latencies in milliseconds and failures:
         0.001           0  \set seq_id random(1, 100000000)
         0.524           0  INSERT INTO commit_log (seq_id, payload) VALUES (:seq_id, 'durable-write-bench') ON CONFLICT DO NOTHING;
progress: 5.0 s, 30795.2 tps, lat 0.518 ms stddev 0.248, 0 failed
progress: 10.0 s, 30284.6 tps, lat 0.528 ms stddev 0.254, 0 failed
progress: 15.0 s, 30518.0 tps, lat 0.524 ms stddev 0.248, 0 failed
progress: 20.0 s, 30426.2 tps, lat 0.525 ms stddev 0.249, 0 failed
progress: 25.0 s, 30136.9 tps, lat 0.530 ms stddev 0.249, 0 failed
progress: 30.0 s, 30517.9 tps, lat 0.524 ms stddev 0.243, 0 failed
