pgbench (16.3, server 18.0.0)
transaction type: H:\falcondb-main\workloads\workload_c_durability\workload.sql
scaling factor: 1
query mode: simple
number of clients: 16
number of threads: 16
maximum number of tries: 1
duration: 30 s
number of transactions actually processed: 395788
number of failed transactions: 1 (0.000%)
latency average = 1.212 ms
latency stddev = 0.425 ms
initial connection time = 14.156 ms
tps = 13197.912906 (without initial connection time)
statement latencies in milliseconds and failures:
         0.001           0  \set seq_id random(1, 100000000)
         1.211           1  INSERT INTO commit_log (seq_id, payload) VALUES (:seq_id, 'durable-write-bench') ON CONFLICT DO NOTHING;
progress: 5.0 s, 13121.4 tps, lat 1.215 ms stddev 0.432, 0 failed
progress: 10.0 s, 13341.7 tps, lat 1.199 ms stddev 0.417, 0 failed
progress: 15.0 s, 13245.8 tps, lat 1.207 ms stddev 0.426, 0 failed
progress: 20.0 s, 13168.3 tps, lat 1.215 ms stddev 0.418, 1 failed
progress: 25.0 s, 13210.5 tps, lat 1.211 ms stddev 0.433, 0 failed
progress: 30.0 s, 13066.3 tps, lat 1.224 ms stddev 0.426, 0 failed
