pgbench (16.3, server 18.0.0)
transaction type: H:\falcondb-main\workloads\workload_c_durability\workload.sql
scaling factor: 1
query mode: simple
number of clients: 16
number of threads: 16
maximum number of tries: 1
duration: 30 s
number of transactions actually processed: 951920
number of failed transactions: 0 (0.000%)
latency average = 0.504 ms
latency stddev = 0.222 ms
initial connection time = 15.002 ms
tps = 31743.845653 (without initial connection time)
statement latencies in milliseconds and failures:
         0.001           0  \set seq_id random(1, 100000000)
         0.503           0  INSERT INTO commit_log (seq_id, payload) VALUES (:seq_id, 'durable-write-bench') ON CONFLICT DO NOTHING;
progress: 5.0 s, 27994.4 tps, lat 0.569 ms stddev 0.216, 0 failed
progress: 10.0 s, 28062.4 tps, lat 0.570 ms stddev 0.215, 0 failed
progress: 15.0 s, 32172.6 tps, lat 0.497 ms stddev 0.224, 0 failed
progress: 20.0 s, 38320.8 tps, lat 0.417 ms stddev 0.199, 0 failed
progress: 25.0 s, 29876.0 tps, lat 0.535 ms stddev 0.226, 0 failed
progress: 30.0 s, 33957.7 tps, lat 0.471 ms stddev 0.212, 0 failed
