pgbench (16.3, server 18.0.0)
transaction type: H:\falcondb-main\workloads\workload_c_durability\workload.sql
scaling factor: 1
query mode: simple
number of clients: 16
number of threads: 16
maximum number of tries: 1
duration: 30 s
number of transactions actually processed: 497792
number of failed transactions: 0 (0.000%)
latency average = 0.963 ms
latency stddev = 0.698 ms
initial connection time = 21.869 ms
tps = 16603.731243 (without initial connection time)
statement latencies in milliseconds and failures:
         0.001           0  \set seq_id random(1, 100000000)
         0.963           0  INSERT INTO commit_log (seq_id, payload) VALUES (:seq_id, 'durable-write-bench') ON CONFLICT DO NOTHING;
progress: 5.0 s, 15362.1 tps, lat 1.037 ms stddev 0.842, 0 failed
progress: 10.0 s, 17619.4 tps, lat 0.907 ms stddev 0.603, 0 failed
progress: 15.0 s, 14120.4 tps, lat 1.133 ms stddev 0.883, 0 failed
progress: 20.0 s, 18090.5 tps, lat 0.884 ms stddev 0.575, 0 failed
progress: 25.0 s, 16989.7 tps, lat 0.941 ms stddev 0.643, 0 failed
