pgbench (16.3, server 18.0.0)
transaction type: H:\falcondb-main\workloads\workload_c_durability\workload.sql
scaling factor: 1
query mode: simple
number of clients: 16
number of threads: 16
maximum number of tries: 1
duration: 30 s
number of transactions actually processed: 513112
number of failed transactions: 0 (0.000%)
latency average = 0.933 ms
latency stddev = 0.207 ms
initial connection time = 65.648 ms
tps = 17139.721034 (without initial connection time)
statement latencies in milliseconds and failures:
         0.001           0  \set seq_id random(1, 100000000)
         0.932           0  INSERT INTO commit_log (seq_id, payload) VALUES (:seq_id, 'durable-write-bench') ON CONFLICT DO NOTHING;
progress: 5.0 s, 16419.8 tps, lat 0.961 ms stddev 0.225, 0 failed
progress: 10.0 s, 17122.8 tps, lat 0.934 ms stddev 0.200, 0 failed
progress: 15.0 s, 17098.4 tps, lat 0.935 ms stddev 0.208, 0 failed
progress: 20.0 s, 17216.2 tps, lat 0.929 ms stddev 0.204, 0 failed
progress: 25.0 s, 17431.6 tps, lat 0.917 ms stddev 0.195, 0 failed
progress: 30.0 s, 17332.6 tps, lat 0.923 ms stddev 0.207, 0 failed
