pgbench (16.3, server 18.0.0)
transaction type: H:\falcondb-main\workloads\workload_c_durability\workload.sql
scaling factor: 1
query mode: simple
number of clients: 16
number of threads: 16
maximum number of tries: 1
duration: 30 s
number of transactions actually processed: 172780
number of failed transactions: 0 (0.000%)
latency average = 2.775 ms
latency stddev = 2.335 ms
initial connection time = 23.710 ms
tps = 5763.556291 (without initial connection time)
statement latencies in milliseconds and failures:
         0.001           0  \set seq_id random(1, 100000000)
         2.775           0  INSERT INTO commit_log (seq_id, payload) VALUES (:seq_id, 'durable-write-bench') ON CONFLICT DO NOTHING;
progress: 5.0 s, 5417.8 tps, lat 2.940 ms stddev 2.592, 0 failed
progress: 10.0 s, 6040.8 tps, lat 2.649 ms stddev 2.199, 0 failed
progress: 15.0 s, 5658.3 tps, lat 2.827 ms stddev 2.386, 0 failed
progress: 20.0 s, 5821.9 tps, lat 2.747 ms stddev 2.290, 0 failed
progress: 25.0 s, 5912.7 tps, lat 2.706 ms stddev 2.186, 0 failed
