pgbench (16.3, server 18.0.0)
transaction type: H:\falcondb-main\workloads\workload_c_durability\workload.sql
scaling factor: 1
query mode: simple
number of clients: 16
number of threads: 16
maximum number of tries: 1
duration: 30 s
number of transactions actually processed: 507804
number of failed transactions: 0 (0.000%)
latency average = 0.942 ms
latency stddev = 0.212 ms
initial connection time = 85.610 ms
tps = 16974.347410 (without initial connection time)
statement latencies in milliseconds and failures:
         0.001           0  \set seq_id random(1, 100000000)
         0.942           0  INSERT INTO commit_log (seq_id, payload) VALUES (:seq_id, 'durable-write-bench') ON CONFLICT DO NOTHING;
progress: 5.0 s, 16615.3 tps, lat 0.946 ms stddev 0.217, 0 failed
progress: 10.0 s, 17105.2 tps, lat 0.935 ms stddev 0.211, 0 failed
progress: 15.0 s, 16946.0 tps, lat 0.944 ms stddev 0.213, 0 failed
progress: 20.0 s, 17023.7 tps, lat 0.939 ms stddev 0.198, 0 failed
progress: 25.0 s, 16981.3 tps, lat 0.942 ms stddev 0.214, 0 failed
