pgbench (16.3, server 18.0.0)
transaction type: H:\falcondb-main\workloads\workload_c_durability\workload.sql
scaling factor: 1
query mode: simple
number of clients: 16
number of threads: 16
maximum number of tries: 1
duration: 30 s
number of transactions actually processed: 582244
number of failed transactions: 0 (0.000%)
latency average = 0.823 ms
latency stddev = 0.514 ms
initial connection time = 17.445 ms
tps = 19418.453594 (without initial connection time)
statement latencies in milliseconds and failures:
         0.001           0  \set seq_id random(1, 100000000)
         0.823           0  INSERT INTO commit_log (seq_id, payload) VALUES (:seq_id, 'durable-write-bench') ON CONFLICT DO NOTHING;
progress: 5.0 s, 19911.3 tps, lat 0.801 ms stddev 0.581, 0 failed
progress: 10.0 s, 19324.6 tps, lat 0.827 ms stddev 0.501, 0 failed
progress: 15.0 s, 18477.4 tps, lat 0.865 ms stddev 0.542, 0 failed
progress: 20.0 s, 19837.2 tps, lat 0.806 ms stddev 0.477, 0 failed
progress: 25.0 s, 19764.9 tps, lat 0.809 ms stddev 0.466, 0 failed
