pgbench (16.3, server 18.0.0)
transaction type: H:\falcondb-main\workloads\workload_c_durability\workload.sql
scaling factor: 1
query mode: simple
number of clients: 16
number of threads: 16
maximum number of tries: 1
duration: 30 s
number of transactions actually processed: 396258
number of failed transactions: 0 (0.000%)
latency average = 1.210 ms
latency stddev = 0.422 ms
initial connection time = 14.231 ms
tps = 13213.662154 (without initial connection time)
statement latencies in milliseconds and failures:
         0.001           0  \set seq_id random(1, 100000000)
         1.210           0  INSERT INTO commit_log (seq_id, payload) VALUES (:seq_id, 'durable-write-bench') ON CONFLICT DO NOTHING;
progress: 5.0 s, 12971.3 tps, lat 1.230 ms stddev 0.430, 0 failed
progress: 10.0 s, 13084.2 tps, lat 1.222 ms stddev 0.426, 0 failed
progress: 15.0 s, 13168.2 tps, lat 1.215 ms stddev 0.421, 0 failed
progress: 20.0 s, 13227.7 tps, lat 1.209 ms stddev 0.429, 0 failed
progress: 25.0 s, 13375.9 tps, lat 1.196 ms stddev 0.411, 0 failed
progress: 30.0 s, 13424.3 tps, lat 1.191 ms stddev 0.417, 0 failed
