pgbench (16.3, server 18.0.0)
transaction type: H:\falcondb-main\workloads\workload_c_durability\workload.sql
scaling factor: 1
query mode: simple
number of clients: 16
number of threads: 16
maximum number of tries: 1
duration: 30 s
number of transactions actually processed: 2122413
number of failed transactions: 0 (0.000%)
latency average = 0.225 ms
latency stddev = 0.042 ms
initial connection time = 13.497 ms
tps = 70776.373108 (without initial connection time)
statement latencies in milliseconds and failures:
         0.000           0  \set seq_id random(1, 100000000)
         0.225           0  INSERT INTO commit_log (seq_id, payload) VALUES (:seq_id, 'durable-write-bench') ON CONFLICT DO NOTHING;
progress: 5.0 s, 70254.7 tps, lat 0.226 ms stddev 0.046, 0 failed
progress: 10.0 s, 70916.6 tps, lat 0.225 ms stddev 0.040, 0 failed
progress: 15.0 s, 70837.2 tps, lat 0.225 ms stddev 0.039, 0 failed
progress: 20.0 s, 70838.4 tps, lat 0.225 ms stddev 0.040, 0 failed
progress: 25.0 s, 70938.9 tps, lat 0.225 ms stddev 0.040, 0 failed
