pgbench (16.3, server 18.0.0)
transaction type: H:\falcondb-main\workloads\workload_c_durability\workload.sql
scaling factor: 1
query mode: simple
number of clients: 16
number of threads: 16
maximum number of tries: 1
duration: 30 s
number of transactions actually processed: 404952
number of failed transactions: 0 (0.000%)
latency average = 1.185 ms
latency stddev = 0.424 ms
initial connection time = 11.043 ms
tps = 13501.762389 (without initial connection time)
statement latencies in milliseconds and failures:
         0.001           0  \set seq_id random(1, 100000000)
         1.184           0  INSERT INTO commit_log (seq_id, payload) VALUES (:seq_id, 'durable-write-bench') ON CONFLICT DO NOTHING;
progress: 5.0 s, 13116.1 tps, lat 1.217 ms stddev 0.474, 0 failed
progress: 10.0 s, 13288.2 tps, lat 1.204 ms stddev 0.426, 0 failed
progress: 15.0 s, 13612.8 tps, lat 1.175 ms stddev 0.409, 0 failed
progress: 20.0 s, 13576.6 tps, lat 1.178 ms stddev 0.408, 0 failed
progress: 25.0 s, 13652.1 tps, lat 1.172 ms stddev 0.416, 0 failed
progress: 30.0 s, 13740.1 tps, lat 1.164 ms stddev 0.408, 0 failed
