pgbench (16.3, server 18.0.0)
transaction type: H:\falcondb-main\workloads\workload_c_durability\workload.sql
scaling factor: 1
query mode: simple
number of clients: 16
number of threads: 16
maximum number of tries: 1
duration: 30 s
number of transactions actually processed: 518064
number of failed transactions: 0 (0.000%)
latency average = 0.924 ms
latency stddev = 0.207 ms
initial connection time = 80.559 ms
tps = 17313.348978 (without initial connection time)
statement latencies in milliseconds and failures:
         0.001           0  \set seq_id random(1, 100000000)
         0.923           0  INSERT INTO commit_log (seq_id, payload) VALUES (:seq_id, 'durable-write-bench') ON CONFLICT DO NOTHING;
progress: 5.0 s, 16869.5 tps, lat 0.933 ms stddev 0.216, 0 failed
progress: 10.0 s, 17204.4 tps, lat 0.930 ms stddev 0.215, 0 failed
progress: 15.0 s, 17315.0 tps, lat 0.924 ms stddev 0.200, 0 failed
progress: 20.0 s, 17332.6 tps, lat 0.923 ms stddev 0.202, 0 failed
progress: 25.0 s, 17463.2 tps, lat 0.916 ms stddev 0.201, 0 failed
progress: 30.0 s, 17424.2 tps, lat 0.918 ms stddev 0.210, 0 failed
