pgbench (16.3, server 18.0.0)
transaction type: H:\falcondb-main\workloads\workload_c_durability\workload.sql
scaling factor: 1
query mode: simple
number of clients: 16
number of threads: 16
maximum number of tries: 1
duration: 30 s
number of transactions actually processed: 596419
number of failed transactions: 0 (0.000%)
latency average = 0.804 ms
latency stddev = 0.571 ms
initial connection time = 14.270 ms
tps = 19888.899160 (without initial connection time)
statement latencies in milliseconds and failures:
         0.001           0  \set seq_id random(1, 100000000)
         0.803           0  INSERT INTO commit_log (seq_id, payload) VALUES (:seq_id, 'durable-write-bench') ON CONFLICT DO NOTHING;
progress: 5.0 s, 20860.3 tps, lat 0.764 ms stddev 0.477, 0 failed
progress: 10.0 s, 16948.0 tps, lat 0.944 ms stddev 0.895, 0 failed
progress: 15.0 s, 20849.3 tps, lat 0.767 ms stddev 0.461, 0 failed
progress: 20.0 s, 20027.8 tps, lat 0.798 ms stddev 0.521, 0 failed
progress: 25.0 s, 20474.8 tps, lat 0.781 ms stddev 0.526, 0 failed
