pgbench (16.3, server 18.0.0)
transaction type: H:\falcondb-main\workloads\workload_c_durability\workload.sql
scaling factor: 1
query mode: simple
number of clients: 16
number of threads: 16
maximum number of tries: 1
duration: 60 s
number of transactions actually processed: 493193
number of failed transactions: 0 (0.000%)
latency average = 1.945 ms
latency stddev = 0.600 ms
initial connection time = 44.607 ms
tps = 8225.548680 (without initial connection time)
statement latencies in milliseconds and failures:
         0.001           0  \set seq_id random(1, 100000000)
         1.944           0  INSERT INTO commit_log (seq_id, payload) VALUES (:seq_id, 'durable-write-bench') ON CONFLICT DO NOTHING;
progress: 5.0 s, 8082.8 tps, lat 1.961 ms stddev 0.597, 0 failed
progress: 10.0 s, 8080.3 tps, lat 1.979 ms stddev 0.616, 0 failed
progress: 15.0 s, 8241.6 tps, lat 1.941 ms stddev 0.602, 0 failed
progress: 20.0 s, 8244.4 tps, lat 1.940 ms stddev 0.598, 0 failed
progress: 25.0 s, 8233.7 tps, lat 1.943 ms stddev 0.587, 0 failed
progress: 30.0 s, 8250.5 tps, lat 1.939 ms stddev 0.588, 0 failed
progress: 35.0 s, 8344.3 tps, lat 1.917 ms stddev 0.586, 0 failed
progress: 40.0 s, 8185.8 tps, lat 1.954 ms stddev 0.613, 0 failed
progress: 45.0 s, 8232.6 tps, lat 1.943 ms stddev 0.600, 0 failed
progress: 50.0 s, 8254.4 tps, lat 1.938 ms stddev 0.597, 0 failed
progress: 55.0 s, 8257.4 tps, lat 1.937 ms stddev 0.601, 0 failed
progress: 60.0 s, 8227.6 tps, lat 1.944 ms stddev 0.609, 0 failed
