pgbench (16.3, server 18.0.0)
transaction type: H:\falcondb-main\workloads\workload_c_durability\workload.sql
scaling factor: 1
query mode: simple
number of clients: 16
number of threads: 16
maximum number of tries: 1
duration: 30 s
number of transactions actually processed: 503376
number of failed transactions: 0 (0.000%)
latency average = 0.949 ms
latency stddev = 0.219 ms
initial connection time = 125.937 ms
tps = 16849.210717 (without initial connection time)
statement latencies in milliseconds and failures:
         0.001           0  \set seq_id random(1, 100000000)
         0.949           0  INSERT INTO commit_log (seq_id, payload) VALUES (:seq_id, 'durable-write-bench') ON CONFLICT DO NOTHING;
progress: 5.0 s, 16354.5 tps, lat 0.953 ms stddev 0.234, 0 failed
progress: 10.0 s, 16920.8 tps, lat 0.945 ms stddev 0.223, 0 failed
progress: 15.0 s, 16860.1 tps, lat 0.948 ms stddev 0.204, 0 failed
progress: 20.0 s, 16896.3 tps, lat 0.947 ms stddev 0.216, 0 failed
progress: 25.0 s, 16805.4 tps, lat 0.952 ms stddev 0.218, 0 failed
