pgbench (16.3, server 18.0.0)
transaction type: H:\falcondb-main\workloads\workload_c_durability\workload.sql
scaling factor: 1
query mode: simple
number of clients: 16
number of threads: 16
maximum number of tries: 1
duration: 30 s
number of transactions actually processed: 841500
number of failed transactions: 0 (0.000%)
latency average = 0.569 ms
latency stddev = 0.218 ms
initial connection time = 28.857 ms
tps = 28075.865359 (without initial connection time)
statement latencies in milliseconds and failures:
         0.001           0  \set seq_id random(1, 100000000)
         0.569           0  INSERT INTO commit_log (seq_id, payload) VALUES (:seq_id, 'durable-write-bench') ON CONFLICT DO NOTHING;
progress: 5.0 s, 28255.9 tps, lat 0.563 ms stddev 0.251, 0 failed
progress: 10.0 s, 27102.6 tps, lat 0.590 ms stddev 0.201, 0 failed
progress: 15.0 s, 28162.8 tps, lat 0.568 ms stddev 0.213, 0 failed
progress: 20.0 s, 27985.1 tps, lat 0.571 ms stddev 0.208, 0 failed
progress: 25.0 s, 28439.0 tps, lat 0.562 ms stddev 0.214, 0 failed
