pgbench (16.3, server 18.0.0)
transaction type: H:\falcondb-main\workloads\workload_c_durability\workload.sql
scaling factor: 1
query mode: simple
number of clients: 16
number of threads: 16
maximum number of tries: 1
duration: 30 s
number of transactions actually processed: 1349987
number of failed transactions: 0 (0.000%)
latency average = 0.355 ms
latency stddev = 0.137 ms
initial connection time = 9.749 ms
tps = 45014.040181 (without initial connection time)
statement latencies in milliseconds and failures:
         0.001           0  \set seq_id random(1, 100000000)
         0.355           0  INSERT INTO commit_log (seq_id, payload) VALUES (:seq_id, 'durable-write-bench') ON CONFLICT DO NOTHING;
progress: 5.0 s, 43953.7 tps, lat 0.363 ms stddev 0.147, 0 failed
progress: 10.0 s, 45150.3 tps, lat 0.354 ms stddev 0.134, 0 failed
progress: 15.0 s, 45063.9 tps, lat 0.355 ms stddev 0.135, 0 failed
progress: 20.0 s, 45277.0 tps, lat 0.353 ms stddev 0.134, 0 failed
progress: 25.0 s, 45309.8 tps, lat 0.353 ms stddev 0.136, 0 failed
