pgbench (16.3, server 18.0.0)
transaction type: H:\falcondb-main\workloads\workload_c_durability\workload.sql
scaling factor: 1
query mode: simple
number of clients: 16
number of threads: 16
maximum number of tries: 1
duration: 30 s
number of transactions actually processed: 1334484
number of failed transactions: 1 (0.000%)
latency average = 0.359 ms
latency stddev = 0.135 ms
initial connection time = 15.719 ms
tps = 44504.356427 (without initial connection time)
statement latencies in milliseconds and failures:
         0.001           0  \set seq_id random(1, 100000000)
         0.359           1  INSERT INTO commit_log (seq_id, payload) VALUES (:seq_id, 'durable-write-bench') ON CONFLICT DO NOTHING;
progress: 5.0 s, 43428.0 tps, lat 0.367 ms stddev 0.142, 0 failed
progress: 10.0 s, 44559.3 tps, lat 0.359 ms stddev 0.135, 0 failed
progress: 15.0 s, 44288.9 tps, lat 0.361 ms stddev 0.136, 1 failed
progress: 20.0 s, 44829.5 tps, lat 0.357 ms stddev 0.131, 0 failed
progress: 25.0 s, 44724.9 tps, lat 0.357 ms stddev 0.132, 0 failed
