pgbench (16.3, server 18.0.0)
transaction type: H:\falcondb-main\workloads\workload_c_durability\workload.sql
scaling factor: 1
query mode: simple
number of clients: 16
number of threads: 16
maximum number of tries: 1
duration: 30 s
number of transactions actually processed: 509789
number of failed transactions: 0 (0.000%)
latency average = 0.939 ms
latency stddev = 0.214 ms
initial connection time = 82.161 ms
tps = 17038.839198 (without initial connection time)
statement latencies in milliseconds and failures:
         0.001           0  \set seq_id random(1, 100000000)
         0.938           0  INSERT INTO commit_log (seq_id, payload) VALUES (:seq_id, 'durable-write-bench') ON CONFLICT DO NOTHING;
progress: 5.0 s, 16374.7 tps, lat 0.961 ms stddev 0.227, 0 failed
progress: 10.0 s, 16780.6 tps, lat 0.953 ms stddev 0.219, 0 failed
progress: 15.0 s, 17160.7 tps, lat 0.932 ms stddev 0.200, 0 failed
progress: 20.0 s, 17025.3 tps, lat 0.939 ms stddev 0.228, 0 failed
progress: 25.0 s, 17216.9 tps, lat 0.929 ms stddev 0.206, 0 failed
