pgbench (16.3, server 18.0.0)
transaction type: H:\falcondb-main\workloads\workload_c_durability\workload.sql
scaling factor: 1
query mode: simple
number of clients: 64
number of threads: 64
maximum number of tries: 1
duration: 30 s
number of transactions actually processed: 329076
number of failed transactions: 0 (0.000%)
latency average = 5.819 ms
latency stddev = 5.067 ms
initial connection time = 81.061 ms
tps = 10995.816841 (without initial connection time)
statement latencies in milliseconds and failures:
         0.001           0  \set seq_id random(1, 100000000)
         5.819           0  INSERT INTO commit_log (seq_id, payload) VALUES (:seq_id, 'durable-write-bench') ON CONFLICT DO NOTHING;
progress: 5.0 s, 14092.6 tps, lat 4.465 ms stddev 3.796, 0 failed
progress: 10.0 s, 9662.2 tps, lat 6.627 ms stddev 5.397, 0 failed
progress: 15.0 s, 10371.2 tps, lat 6.174 ms stddev 4.858, 0 failed
progress: 20.0 s, 11710.1 tps, lat 5.464 ms stddev 4.765, 0 failed
progress: 25.0 s, 9800.2 tps, lat 6.532 ms stddev 5.594, 0 failed
progress: 30.0 s, 10175.1 tps, lat 6.286 ms stddev 5.828, 0 failed
