pgbench (16.3, server 18.0.0)
transaction type: H:\falcondb-main\workloads\workload_c_durability\workload.sql
scaling factor: 1
query mode: simple
number of clients: 16
number of threads: 16
maximum number of tries: 1
duration: 30 s
number of transactions actually processed: 483933
number of failed transactions: 0 (0.000%)
latency average = 0.991 ms
latency stddev = 0.209 ms
initial connection time = 14.353 ms
tps = 16138.128693 (without initial connection time)
statement latencies in milliseconds and failures:
         0.001           0  \set seq_id random(1, 100000000)
         0.991           0  INSERT INTO commit_log (seq_id, payload) VALUES (:seq_id, 'durable-write-bench') ON CONFLICT DO NOTHING;
progress: 5.0 s, 15886.0 tps, lat 1.004 ms stddev 0.234, 0 failed
progress: 10.0 s, 15960.2 tps, lat 1.002 ms stddev 0.219, 0 failed
progress: 15.0 s, 16278.3 tps, lat 0.982 ms stddev 0.197, 0 failed
progress: 20.0 s, 16230.6 tps, lat 0.985 ms stddev 0.213, 0 failed
progress: 25.0 s, 16300.3 tps, lat 0.981 ms stddev 0.186, 0 failed
