pgbench (16.3, server 18.0.0)
transaction type: H:\falcondb-main\workloads\workload_c_durability\workload.sql
scaling factor: 1
query mode: simple
number of clients: 16
number of threads: 16
maximum number of tries: 1
duration: 30 s
number of transactions actually processed: 1286190
number of failed transactions: 0 (0.000%)
latency average = 0.373 ms
latency stddev = 0.145 ms
initial connection time = 13.293 ms
tps = 42890.530790 (without initial connection time)
statement latencies in milliseconds and failures:
         0.001           0  \set seq_id random(1, 100000000)
         0.372           0  INSERT INTO commit_log (seq_id, payload) VALUES (:seq_id, 'durable-write-bench') ON CONFLICT DO NOTHING;
progress: 5.0 s, 42461.6 tps, lat 0.375 ms stddev 0.156, 0 failed
progress: 10.0 s, 42810.9 tps, lat 0.373 ms stddev 0.145, 0 failed
progress: 15.0 s, 43042.7 tps, lat 0.371 ms stddev 0.139, 0 failed
progress: 20.0 s, 43305.5 tps, lat 0.369 ms stddev 0.139, 0 failed
progress: 25.0 s, 42642.7 tps, lat 0.375 ms stddev 0.143, 0 failed
