pgbench (16.3, server 18.0.0)
transaction type: H:\falcondb-main\workloads\workload_c_durability\workload.sql
scaling factor: 1
query mode: simple
number of clients: 16
number of threads: 16
maximum number of tries: 1
duration: 30 s
number of transactions actually processed: 1324307
number of failed transactions: 0 (0.000%)
latency average = 0.362 ms
latency stddev = 0.114 ms
initial connection time = 14.000 ms
tps = 44159.707040 (without initial connection time)
statement latencies in milliseconds and failures:
         0.001           0  \set seq_id random(1, 100000000)
         0.361           0  INSERT INTO commit_log (seq_id, payload) VALUES (:seq_id, 'durable-write-bench') ON CONFLICT DO NOTHING;
progress: 5.0 s, 43193.4 tps, lat 0.369 ms stddev 0.122, 0 failed
progress: 10.0 s, 43867.5 tps, lat 0.364 ms stddev 0.114, 0 failed
progress: 15.0 s, 44465.2 tps, lat 0.359 ms stddev 0.113, 0 failed
progress: 20.0 s, 44049.9 tps, lat 0.363 ms stddev 0.117, 0 failed
progress: 25.0 s, 44514.6 tps, lat 0.359 ms stddev 0.111, 0 failed
progress: 30.0 s, 44766.9 tps, lat 0.357 ms stddev 0.110, 0 failed
