pgbench (16.3, server 18.0.0)
transaction type: H:\falcondb-main\workloads\workload_c_durability\workload.sql
scaling factor: 1
query mode: simple
number of clients: 16
number of threads: 16
maximum number of tries: 1
duration: 30 s
number of transactions actually processed: 494710
number of failed transactions: 0 (0.000%)
latency average = 0.969 ms
latency stddev = 0.764 ms
initial connection time = 30.141 ms
tps = 16506.198541 (without initial connection time)
statement latencies in milliseconds and failures:
         0.001           0  \set seq_id random(1, 100000000)
         0.968           0  INSERT INTO commit_log (seq_id, payload) VALUES (:seq_id, 'durable-write-bench') ON CONFLICT DO NOTHING;
progress: 5.0 s, 11418.2 tps, lat 1.393 ms stddev 1.366, 0 failed
progress: 10.0 s, 16910.3 tps, lat 0.946 ms stddev 0.657, 0 failed
progress: 15.0 s, 15430.5 tps, lat 1.036 ms stddev 0.767, 0 failed
progress: 20.0 s, 18742.5 tps, lat 0.853 ms stddev 0.535, 0 failed
progress: 25.0 s, 18430.2 tps, lat 0.868 ms stddev 0.555, 0 failed
