pgbench (16.3, server 18.0.0)
transaction type: H:\falcondb-main\workloads\workload_c_durability\workload.sql
scaling factor: 1
query mode: simple
number of clients: 16
number of threads: 16
maximum number of tries: 1
duration: 30 s
number of transactions actually processed: 539149
number of failed transactions: 0 (0.000%)
latency average = 0.889 ms
latency stddev = 0.708 ms
initial connection time = 15.672 ms
tps = 17979.995829 (without initial connection time)
statement latencies in milliseconds and failures:
         0.001           0  \set seq_id random(1, 100000000)
         0.889           0  INSERT INTO commit_log (seq_id, payload) VALUES (:seq_id, 'durable-write-bench') ON CONFLICT DO NOTHING;
progress: 5.0 s, 21570.8 tps, lat 0.739 ms stddev 0.633, 0 failed
progress: 10.0 s, 19203.9 tps, lat 0.833 ms stddev 0.591, 0 failed
progress: 15.0 s, 14318.3 tps, lat 1.117 ms stddev 0.880, 0 failed
progress: 20.0 s, 23256.9 tps, lat 0.688 ms stddev 0.323, 0 failed
progress: 25.0 s, 15911.7 tps, lat 1.005 ms stddev 0.775, 0 failed
