pgbench (16.3, server 18.0.0)
transaction type: H:\falcondb-main\workloads\workload_c_durability\workload.sql
scaling factor: 1
query mode: simple
number of clients: 16
number of threads: 16
maximum number of tries: 1
duration: 30 s
number of transactions actually processed: 132968
number of failed transactions: 0 (0.000%)
latency average = 3.608 ms
latency stddev = 3.876 ms
initial connection time = 18.679 ms
tps = 4434.013077 (without initial connection time)
statement latencies in milliseconds and failures:
         0.001           0  \set seq_id random(1, 100000000)
         3.607           0  INSERT INTO commit_log (seq_id, payload) VALUES (:seq_id, 'durable-write-bench') ON CONFLICT DO NOTHING;
progress: 5.0 s, 3667.8 tps, lat 4.345 ms stddev 4.030, 0 failed
progress: 10.0 s, 5852.2 tps, lat 2.734 ms stddev 2.680, 0 failed
progress: 15.0 s, 4312.2 tps, lat 3.708 ms stddev 4.016, 0 failed
progress: 20.0 s, 2739.2 tps, lat 5.841 ms stddev 5.462, 0 failed
progress: 25.0 s, 6119.3 tps, lat 2.612 ms stddev 2.587, 0 failed
progress: 30.0 s, 3900.1 tps, lat 4.104 ms stddev 4.478, 0 failed
