pgbench (16.3, server 18.0.0)
transaction type: H:\falcondb-main\workloads\workload_c_durability\workload.sql
scaling factor: 1
query mode: simple
number of clients: 16
number of threads: 16
maximum number of tries: 1
duration: 30 s
number of transactions actually processed: 866674
number of failed transactions: 0 (0.000%)
latency average = 0.553 ms
latency stddev = 0.461 ms
initial connection time = 13.919 ms
tps = 28901.516670 (without initial connection time)
statement latencies in milliseconds and failures:
         0.001           0  \set seq_id random(1, 100000000)
         0.553           0  INSERT INTO commit_log (seq_id, payload) VALUES (:seq_id, 'durable-write-bench') ON CONFLICT DO NOTHING;
progress: 5.0 s, 31062.2 tps, lat 0.513 ms stddev 0.237, 0 failed
progress: 10.0 s, 15402.5 tps, lat 1.038 ms stddev 0.775, 0 failed
progress: 15.0 s, 14526.6 tps, lat 1.101 ms stddev 0.842, 0 failed
progress: 20.0 s, 36725.6 tps, lat 0.435 ms stddev 0.303, 0 failed
progress: 25.0 s, 40737.2 tps, lat 0.392 ms stddev 0.151, 0 failed
