pgbench (16.3)
transaction type: H:\falcondb-main\workloads\workload_c_durability\workload.sql
scaling factor: 1
query mode: simple
number of clients: 16
number of threads: 16
maximum number of tries: 1
duration: 30 s
number of transactions actually processed: 1622200
number of failed transactions: 0 (0.000%)
latency average = 0.291 ms
latency stddev = 0.122 ms
initial connection time = 441.976 ms
tps = 54879.184770 (without initial connection time)
statement latencies in milliseconds and failures:
         0.001           0  \set seq_id random(1, 100000000)
         0.290           0  INSERT INTO commit_log (seq_id, payload) VALUES (:seq_id, 'durable-write-bench') ON CONFLICT DO NOTHING;
progress: 5.0 s, 50536.7 tps, lat 0.288 ms stddev 0.117, 0 failed
progress: 10.0 s, 52985.0 tps, lat 0.302 ms stddev 0.173, 0 failed
progress: 15.0 s, 54734.3 tps, lat 0.292 ms stddev 0.106, 0 failed
progress: 20.0 s, 54160.3 tps, lat 0.295 ms stddev 0.113, 0 failed
progress: 25.0 s, 55639.5 tps, lat 0.287 ms stddev 0.102, 0 failed
