pgbench (16.3, server 18.0.0)
transaction type: H:\falcondb-main\workloads\workload_c_durability\workload.sql
scaling factor: 1
query mode: simple
number of clients: 16
number of threads: 16
maximum number of tries: 1
duration: 30 s
number of transactions actually processed: 522404
number of failed transactions: 0 (0.000%)
latency average = 0.918 ms
latency stddev = 0.687 ms
initial connection time = 14.834 ms
tps = 17420.253597 (without initial connection time)
statement latencies in milliseconds and failures:
         0.001           0  \set seq_id random(1, 100000000)
         0.917           0  INSERT INTO commit_log (seq_id, payload) VALUES (:seq_id, 'durable-write-bench') ON CONFLICT DO NOTHING;
progress: 5.0 s, 17847.2 tps, lat 0.894 ms stddev 0.722, 0 failed
progress: 10.0 s, 19224.4 tps, lat 0.832 ms stddev 0.526, 0 failed
progress: 15.0 s, 17404.8 tps, lat 0.919 ms stddev 0.644, 0 failed
progress: 20.0 s, 16131.3 tps, lat 0.991 ms stddev 0.879, 0 failed
progress: 25.0 s, 16422.2 tps, lat 0.974 ms stddev 0.694, 0 failed
progress: 30.0 s, 17450.1 tps, lat 0.916 ms stddev 0.624, 0 failed
