pgbench (16.3, server 18.0.0)
transaction type: H:\falcondb-main\workloads\workload_c_durability\workload.sql
scaling factor: 1
query mode: simple
number of clients: 16
number of threads: 16
maximum number of tries: 1
duration: 60 s
number of transactions actually processed: 169993
number of failed transactions: 0 (0.000%)
latency average = 5.632 ms
latency stddev = 2.950 ms
initial connection time = 154.483 ms
tps = 2840.391875 (without initial connection time)
statement latencies in milliseconds and failures:
         0.001           0  \set seq_id random(1, 100000000)
         5.633           0  INSERT INTO commit_log (seq_id, payload) VALUES (:seq_id, 'durable-write-bench') ON CONFLICT DO NOTHING;
progress: 5.0 s, 2777.6 tps, lat 5.578 ms stddev 2.880, 0 failed
progress: 10.0 s, 2830.6 tps, lat 5.652 ms stddev 2.872, 0 failed
progress: 15.0 s, 2799.6 tps, lat 5.713 ms stddev 2.994, 0 failed
progress: 20.0 s, 2792.0 tps, lat 5.735 ms stddev 3.008, 0 failed
progress: 25.0 s, 2790.9 tps, lat 5.729 ms stddev 2.966, 0 failed
progress: 30.0 s, 2833.5 tps, lat 5.649 ms stddev 2.964, 0 failed
progress: 35.0 s, 2780.2 tps, lat 5.753 ms stddev 3.053, 0 failed
progress: 40.0 s, 2849.2 tps, lat 5.614 ms stddev 2.978, 0 failed
progress: 45.0 s, 2821.9 tps, lat 5.671 ms stddev 2.976, 0 failed
progress: 50.0 s, 2870.0 tps, lat 5.572 ms stddev 2.928, 0 failed
progress: 55.0 s, 2885.4 tps, lat 5.547 ms stddev 2.882, 0 failed
progress: 60.0 s, 2965.6 tps, lat 5.396 ms stddev 2.882, 0 failed
