pgbench (16.3, server 18.0.0)
transaction type: H:\falcondb-main\workloads\workload_c_durability\workload.sql
scaling factor: 1
query mode: simple
number of clients: 16
number of threads: 16
maximum number of tries: 1
duration: 30 s
number of transactions actually processed: 1016612
number of failed transactions: 0 (0.000%)
latency average = 0.471 ms
latency stddev = 0.239 ms
initial connection time = 25.571 ms
tps = 33914.971906 (without initial connection time)
statement latencies in milliseconds and failures:
         0.001           0  \set seq_id random(1, 100000000)
         0.471           0  INSERT INTO commit_log (seq_id, payload) VALUES (:seq_id, 'durable-write-bench') ON CONFLICT DO NOTHING;
progress: 5.0 s, 43705.5 tps, lat 0.364 ms stddev 0.212, 0 failed
progress: 10.0 s, 33227.9 tps, lat 0.481 ms stddev 0.228, 0 failed
progress: 15.0 s, 31516.4 tps, lat 0.507 ms stddev 0.242, 0 failed
progress: 20.0 s, 31869.5 tps, lat 0.502 ms stddev 0.239, 0 failed
progress: 25.0 s, 31516.6 tps, lat 0.507 ms stddev 0.238, 0 failed
