pgbench (16.3, server 18.0.0)
transaction type: H:\falcondb-main\workloads\workload_c_durability\workload.sql
scaling factor: 1
query mode: simple
number of clients: 16
number of threads: 16
maximum number of tries: 1
duration: 30 s
number of transactions actually processed: 530540
number of failed transactions: 0 (0.000%)
latency average = 0.904 ms
latency stddev = 0.652 ms
initial connection time = 18.750 ms
tps = 17694.405077 (without initial connection time)
statement latencies in milliseconds and failures:
         0.001           0  \set seq_id random(1, 100000000)
         0.903           0  INSERT INTO commit_log (seq_id, payload) VALUES (:seq_id, 'durable-write-bench') ON CONFLICT DO NOTHING;
progress: 5.0 s, 17311.6 tps, lat 0.921 ms stddev 0.877, 0 failed
progress: 10.0 s, 18632.4 tps, lat 0.858 ms stddev 0.545, 0 failed
progress: 15.0 s, 18047.0 tps, lat 0.886 ms stddev 0.570, 0 failed
progress: 20.0 s, 16919.0 tps, lat 0.945 ms stddev 0.657, 0 failed
progress: 25.0 s, 17429.0 tps, lat 0.917 ms stddev 0.634, 0 failed
