pgbench (16.3, server 18.0.0)
transaction type: H:\falcondb-main\workloads\workload_c_durability\workload.sql
scaling factor: 1
query mode: simple
number of clients: 16
number of threads: 16
maximum number of tries: 1
duration: 30 s
number of transactions actually processed: 1045786
number of failed transactions: 0 (0.000%)
latency average = 0.458 ms
latency stddev = 0.219 ms
initial connection time = 14.094 ms
tps = 34874.436342 (without initial connection time)
statement latencies in milliseconds and failures:
         0.001           0  \set seq_id random(1, 100000000)
         0.458           0  INSERT INTO commit_log (seq_id, payload) VALUES (:seq_id, 'durable-write-bench') ON CONFLICT DO NOTHING;
progress: 5.0 s, 29388.1 tps, lat 0.543 ms stddev 0.220, 0 failed
progress: 10.0 s, 26965.1 tps, lat 0.593 ms stddev 0.200, 0 failed
progress: 15.0 s, 36518.3 tps, lat 0.438 ms stddev 0.213, 0 failed
progress: 20.0 s, 39973.6 tps, lat 0.400 ms stddev 0.196, 0 failed
progress: 25.0 s, 36802.4 tps, lat 0.434 ms stddev 0.222, 0 failed
