pgbench (16.3)
transaction type: H:\falcondb-main\workloads\workload_c_durability\workload.sql
scaling factor: 1
query mode: simple
number of clients: 64
number of threads: 64
maximum number of tries: 1
duration: 30 s
number of transactions actually processed: 2186143
number of failed transactions: 0 (0.000%)
latency average = 0.829 ms
latency stddev = 0.343 ms
initial connection time = 1681.412 ms
tps = 77189.512432 (without initial connection time)
statement latencies in milliseconds and failures:
         0.001           0  \set seq_id random(1, 100000000)
         0.832           0  INSERT INTO commit_log (seq_id, payload) VALUES (:seq_id, 'durable-write-bench') ON CONFLICT DO NOTHING;
progress: 5.0 s, 51285.6 tps, lat 0.828 ms stddev 0.570, 0 failed
progress: 10.0 s, 77752.5 tps, lat 0.823 ms stddev 0.276, 0 failed
progress: 15.0 s, 76707.7 tps, lat 0.834 ms stddev 0.333, 0 failed
progress: 20.0 s, 78150.8 tps, lat 0.819 ms stddev 0.299, 0 failed
progress: 25.0 s, 76986.8 tps, lat 0.831 ms stddev 0.277, 0 failed
