pgbench (16.3)
transaction type: H:\falcondb-main\workloads\workload_c_durability\workload.sql
scaling factor: 1
query mode: simple
number of clients: 16
number of threads: 16
maximum number of tries: 1
duration: 30 s
number of transactions actually processed: 1624759
number of failed transactions: 0 (0.000%)
latency average = 0.291 ms
latency stddev = 0.110 ms
initial connection time = 440.208 ms
tps = 54961.200601 (without initial connection time)
statement latencies in milliseconds and failures:
         0.001           0  \set seq_id random(1, 100000000)
         0.290           0  INSERT INTO commit_log (seq_id, payload) VALUES (:seq_id, 'durable-write-bench') ON CONFLICT DO NOTHING;
progress: 5.0 s, 54137.5 tps, lat 0.269 ms stddev 0.095, 0 failed
progress: 10.0 s, 54306.3 tps, lat 0.294 ms stddev 0.105, 0 failed
progress: 15.0 s, 54350.1 tps, lat 0.294 ms stddev 0.103, 0 failed
progress: 20.0 s, 54387.1 tps, lat 0.294 ms stddev 0.106, 0 failed
progress: 25.0 s, 53105.3 tps, lat 0.301 ms stddev 0.111, 0 failed
