pgbench (16.3, server 18.0.0)
transaction type: H:\falcondb-main\workloads\workload_c_durability\workload.sql
scaling factor: 1
query mode: simple
number of clients: 16
number of threads: 16
maximum number of tries: 1
duration: 30 s
number of transactions actually processed: 883811
number of failed transactions: 0 (0.000%)
latency average = 0.543 ms
latency stddev = 0.308 ms
initial connection time = 13.691 ms
tps = 29472.557499 (without initial connection time)
statement latencies in milliseconds and failures:
         0.001           0  \set seq_id random(1, 100000000)
         0.542           0  INSERT INTO commit_log (seq_id, payload) VALUES (:seq_id, 'durable-write-bench') ON CONFLICT DO NOTHING;
progress: 5.0 s, 28696.9 tps, lat 0.556 ms stddev 0.324, 0 failed
progress: 10.0 s, 29293.4 tps, lat 0.546 ms stddev 0.311, 0 failed
progress: 15.0 s, 29532.5 tps, lat 0.541 ms stddev 0.303, 0 failed
progress: 20.0 s, 29287.7 tps, lat 0.546 ms stddev 0.309, 0 failed
progress: 25.0 s, 30094.4 tps, lat 0.531 ms stddev 0.303, 0 failed
