pgbench (16.3, server 18.0.0)
transaction type: H:\falcondb-main\workloads\workload_c_durability\workload.sql
scaling factor: 1
query mode: simple
number of clients: 16
number of threads: 16
maximum number of tries: 1
duration: 30 s
number of transactions actually processed: 398367
number of failed transactions: 0 (0.000%)
latency average = 1.204 ms
latency stddev = 0.417 ms
initial connection time = 14.807 ms
tps = 13284.870221 (without initial connection time)
statement latencies in milliseconds and failures:
         0.001           0  \set seq_id random(1, 100000000)
         1.203           0  INSERT INTO commit_log (seq_id, payload) VALUES (:seq_id, 'durable-write-bench') ON CONFLICT DO NOTHING;
progress: 5.0 s, 13195.9 tps, lat 1.209 ms stddev 0.422, 0 failed
progress: 10.0 s, 13384.1 tps, lat 1.195 ms stddev 0.414, 0 failed
progress: 15.0 s, 13393.5 tps, lat 1.194 ms stddev 0.413, 0 failed
progress: 20.0 s, 13193.5 tps, lat 1.212 ms stddev 0.429, 0 failed
progress: 25.0 s, 13259.3 tps, lat 1.206 ms stddev 0.411, 0 failed
