pgbench (16.3, server 18.0.0)
transaction type: H:\falcondb-main\workloads\workload_c_durability\workload.sql
scaling factor: 1
query mode: simple
number of clients: 16
number of threads: 16
maximum number of tries: 1
duration: 30 s
number of transactions actually processed: 467875
number of failed transactions: 0 (0.000%)
latency average = 1.025 ms
latency stddev = 0.820 ms
initial connection time = 21.627 ms
tps = 15606.383769 (without initial connection time)
statement latencies in milliseconds and failures:
         0.001           0  \set seq_id random(1, 100000000)
         1.024           0  INSERT INTO commit_log (seq_id, payload) VALUES (:seq_id, 'durable-write-bench') ON CONFLICT DO NOTHING;
progress: 5.0 s, 12628.3 tps, lat 1.262 ms stddev 1.294, 0 failed
progress: 10.0 s, 16375.7 tps, lat 0.976 ms stddev 0.699, 0 failed
progress: 15.0 s, 15552.6 tps, lat 1.028 ms stddev 0.771, 0 failed
progress: 20.0 s, 15371.9 tps, lat 1.040 ms stddev 0.775, 0 failed
progress: 25.0 s, 16805.3 tps, lat 0.952 ms stddev 0.668, 0 failed
