pgbench (16.3, server 18.0.0)
transaction type: H:\falcondb-main\workloads\workload_c_durability\workload.sql
scaling factor: 1
query mode: simple
number of clients: 128
number of threads: 128
maximum number of tries: 1
duration: 30 s
number of transactions actually processed: 1721064
number of failed transactions: 0 (0.000%)
latency average = 2.226 ms
latency stddev = 0.774 ms
initial connection time = 69.260 ms
tps = 57480.100635 (without initial connection time)
statement latencies in milliseconds and failures:
         0.001           0  \set seq_id random(1, 100000000)
         2.227           0  INSERT INTO commit_log (seq_id, payload) VALUES (:seq_id, 'durable-write-bench') ON CONFLICT DO NOTHING;
progress: 5.0 s, 55562.0 tps, lat 2.272 ms stddev 0.916, 0 failed
progress: 10.0 s, 57814.9 tps, lat 2.214 ms stddev 0.734, 0 failed
progress: 15.0 s, 57603.1 tps, lat 2.222 ms stddev 0.750, 0 failed
progress: 20.0 s, 57688.8 tps, lat 2.218 ms stddev 0.744, 0 failed
progress: 25.0 s, 57661.0 tps, lat 2.220 ms stddev 0.747, 0 failed
progress: 30.0 s, 57874.2 tps, lat 2.211 ms stddev 0.738, 0 failed
