pgbench (16.3, server 18.0.0)
transaction type: H:\falcondb-main\workloads\workload_c_durability\workload.sql
scaling factor: 1
query mode: simple
number of clients: 32
number of threads: 32
maximum number of tries: 1
duration: 30 s
number of transactions actually processed: 730045
number of failed transactions: 0 (0.000%)
latency average = 1.313 ms
latency stddev = 0.392 ms
initial connection time = 33.897 ms
tps = 24361.097032 (without initial connection time)
statement latencies in milliseconds and failures:
         0.001           0  \set seq_id random(1, 100000000)
         1.313           0  INSERT INTO commit_log (seq_id, payload) VALUES (:seq_id, 'durable-write-bench') ON CONFLICT DO NOTHING;
progress: 5.0 s, 23967.9 tps, lat 1.326 ms stddev 0.414, 0 failed
progress: 10.0 s, 24450.0 tps, lat 1.308 ms stddev 0.376, 0 failed
progress: 15.0 s, 24505.7 tps, lat 1.305 ms stddev 0.375, 0 failed
progress: 20.0 s, 24618.7 tps, lat 1.299 ms stddev 0.385, 0 failed
progress: 25.0 s, 24043.8 tps, lat 1.331 ms stddev 0.412, 0 failed
