pgbench (16.3, server 18.0.0)
transaction type: H:\falcondb-main\workloads\workload_c_durability\workload.sql
scaling factor: 1
query mode: simple
number of clients: 128
number of threads: 128
maximum number of tries: 1
duration: 30 s
number of transactions actually processed: 309643
number of failed transactions: 0 (0.000%)
latency average = 12.363 ms
latency stddev = 9.977 ms
initial connection time = 99.780 ms
tps = 10348.291980 (without initial connection time)
statement latencies in milliseconds and failures:
         0.001           0  \set seq_id random(1, 100000000)
        12.364           0  INSERT INTO commit_log (seq_id, payload) VALUES (:seq_id, 'durable-write-bench') ON CONFLICT DO NOTHING;
progress: 5.0 s, 8550.2 tps, lat 14.668 ms stddev 10.468, 0 failed
progress: 10.0 s, 9618.5 tps, lat 13.279 ms stddev 11.492, 0 failed
progress: 15.0 s, 9278.7 tps, lat 13.839 ms stddev 12.078, 0 failed
progress: 20.0 s, 10154.4 tps, lat 12.603 ms stddev 8.940, 0 failed
progress: 25.0 s, 11868.6 tps, lat 10.788 ms stddev 7.864, 0 failed
