pgbench (16.3, server 18.0.0)
transaction type: H:\falcondb-main\workloads\workload_c_durability\workload.sql
scaling factor: 1
query mode: simple
number of clients: 16
number of threads: 16
maximum number of tries: 1
duration: 30 s
number of transactions actually processed: 940430
number of failed transactions: 0 (0.000%)
latency average = 0.510 ms
latency stddev = 0.338 ms
initial connection time = 10.517 ms
tps = 31357.809873 (without initial connection time)
statement latencies in milliseconds and failures:
         0.001           0  \set seq_id random(1, 100000000)
         0.509           0  INSERT INTO commit_log (seq_id, payload) VALUES (:seq_id, 'durable-write-bench') ON CONFLICT DO NOTHING;
progress: 5.0 s, 40594.3 tps, lat 0.393 ms stddev 0.192, 0 failed
progress: 10.0 s, 32435.6 tps, lat 0.493 ms stddev 0.279, 0 failed
progress: 15.0 s, 29268.8 tps, lat 0.546 ms stddev 0.312, 0 failed
progress: 20.0 s, 28214.2 tps, lat 0.567 ms stddev 0.518, 0 failed
progress: 25.0 s, 29311.4 tps, lat 0.545 ms stddev 0.297, 0 failed
