pgbench (16.3, server 18.0.0)
transaction type: H:\falcondb-main\workloads\workload_c_durability\workload.sql
scaling factor: 1
query mode: simple
number of clients: 64
number of threads: 64
maximum number of tries: 1
duration: 30 s
number of transactions actually processed: 1247919
number of failed transactions: 0 (0.000%)
latency average = 1.535 ms
latency stddev = 0.467 ms
initial connection time = 69.319 ms
tps = 41685.954910 (without initial connection time)
statement latencies in milliseconds and failures:
         0.001           0  \set seq_id random(1, 100000000)
         1.535           0  INSERT INTO commit_log (seq_id, payload) VALUES (:seq_id, 'durable-write-bench') ON CONFLICT DO NOTHING;
progress: 5.0 s, 40818.0 tps, lat 1.546 ms stddev 0.556, 0 failed
progress: 10.0 s, 41929.5 tps, lat 1.526 ms stddev 0.440, 0 failed
progress: 15.0 s, 41978.5 tps, lat 1.524 ms stddev 0.439, 0 failed
progress: 20.0 s, 41774.6 tps, lat 1.532 ms stddev 0.439, 0 failed
progress: 25.0 s, 41643.1 tps, lat 1.536 ms stddev 0.455, 0 failed
