pgbench (16.3, server 18.0.0)
transaction type: H:\falcondb-main\workloads\workload_c_durability\workload.sql
scaling factor: 1
query mode: simple
number of clients: 16
number of threads: 16
maximum number of tries: 1
duration: 30 s
number of transactions actually processed: 926670
number of failed transactions: 0 (0.000%)
latency average = 0.517 ms
latency stddev = 0.239 ms
initial connection time = 13.914 ms
tps = 30903.018639 (without initial connection time)
statement latencies in milliseconds and failures:
         0.001           0  \set seq_id random(1, 100000000)
         0.517           0  INSERT INTO commit_log (seq_id, payload) VALUES (:seq_id, 'durable-write-bench') ON CONFLICT DO NOTHING;
progress: 5.0 s, 31196.1 tps, lat 0.511 ms stddev 0.246, 0 failed
progress: 10.0 s, 30561.4 tps, lat 0.523 ms stddev 0.242, 0 failed
progress: 15.0 s, 30533.4 tps, lat 0.524 ms stddev 0.240, 0 failed
progress: 20.0 s, 30978.6 tps, lat 0.516 ms stddev 0.238, 0 failed
progress: 25.0 s, 31183.8 tps, lat 0.513 ms stddev 0.235, 0 failed
