pgbench (16.3, server 18.0.0)
transaction type: H:\falcondb-main\workloads\workload_c_durability\workload.sql
scaling factor: 1
query mode: simple
number of clients: 16
number of threads: 16
maximum number of tries: 1
duration: 30 s
number of transactions actually processed: 395342
number of failed transactions: 0 (0.000%)
latency average = 1.213 ms
latency stddev = 0.428 ms
initial connection time = 10.238 ms
tps = 13181.116777 (without initial connection time)
statement latencies in milliseconds and failures:
         0.001           0  \set seq_id random(1, 100000000)
         1.213           0  INSERT INTO commit_log (seq_id, payload) VALUES (:seq_id, 'durable-write-bench') ON CONFLICT DO NOTHING;
progress: 5.0 s, 13181.3 tps, lat 1.211 ms stddev 0.442, 0 failed
progress: 10.0 s, 13279.5 tps, lat 1.205 ms stddev 0.423, 0 failed
progress: 15.0 s, 13195.1 tps, lat 1.212 ms stddev 0.422, 0 failed
progress: 20.0 s, 13276.3 tps, lat 1.205 ms stddev 0.417, 0 failed
progress: 25.0 s, 13119.5 tps, lat 1.219 ms stddev 0.429, 0 failed
progress: 30.0 s, 13013.2 tps, lat 1.229 ms stddev 0.433, 0 failed
