pgbench (16.3, server 18.0.0)
transaction type: H:\falcondb-main\workloads\workload_c_durability\workload.sql
scaling factor: 1
query mode: simple
number of clients: 16
number of threads: 16
maximum number of tries: 1
duration: 30 s
number of transactions actually processed: 2132330
number of failed transactions: 0 (0.000%)
latency average = 0.224 ms
latency stddev = 0.042 ms
initial connection time = 14.372 ms
tps = 71109.661274 (without initial connection time)
statement latencies in milliseconds and failures:
         0.001           0  \set seq_id random(1, 100000000)
         0.224           0  INSERT INTO commit_log (seq_id, payload) VALUES (:seq_id, 'durable-write-bench') ON CONFLICT DO NOTHING;
progress: 5.0 s, 70796.7 tps, lat 0.225 ms stddev 0.046, 0 failed
progress: 10.0 s, 71275.4 tps, lat 0.224 ms stddev 0.039, 0 failed
progress: 15.0 s, 71278.7 tps, lat 0.224 ms stddev 0.039, 0 failed
progress: 20.0 s, 70757.2 tps, lat 0.225 ms stddev 0.042, 0 failed
progress: 25.0 s, 71164.4 tps, lat 0.224 ms stddev 0.040, 0 failed
