pgbench (16.3, server 18.0.0)
transaction type: H:\falcondb-main\workloads\workload_c_durability\workload.sql
scaling factor: 1
query mode: simple
number of clients: 16
number of threads: 16
maximum number of tries: 1
duration: 30 s
number of transactions actually processed: 507808
number of failed transactions: 0 (0.000%)
latency average = 0.945 ms
latency stddev = 0.214 ms
initial connection time = 9.072 ms
tps = 16931.286932 (without initial connection time)
statement latencies in milliseconds and failures:
         0.001           0  \set seq_id random(1, 100000000)
         0.944           0  INSERT INTO commit_log (seq_id, payload) VALUES (:seq_id, 'durable-write-bench') ON CONFLICT DO NOTHING;
progress: 5.0 s, 16727.9 tps, lat 0.954 ms stddev 0.242, 0 failed
progress: 10.0 s, 17082.5 tps, lat 0.936 ms stddev 0.196, 0 failed
progress: 15.0 s, 16994.5 tps, lat 0.941 ms stddev 0.206, 0 failed
progress: 20.0 s, 16920.8 tps, lat 0.945 ms stddev 0.214, 0 failed
progress: 25.0 s, 16862.5 tps, lat 0.948 ms stddev 0.212, 0 failed
