pgbench (16.3, server 18.0.0)
transaction type: H:\falcondb-main\workloads\workload_a_write_heavy\workload.sql
scaling factor: 1
query mode: simple
number of clients: 16
number of threads: 16
maximum number of tries: 1
duration: 10 s
number of transactions actually processed: 439858
number of failed transactions: 0 (0.000%)
latency average = 0.363 ms
latency stddev = 0.125 ms
initial connection time = 14.935 ms
tps = 44048.331011 (without initial connection time)
statement latencies in milliseconds and failures:
         0.001           0  \set order_id random(10001, 99999999)
         0.000           0  \set customer_id random(1, 50000)
         0.000           0  \set amount random(100, 99999)
         0.000           0  \set update_target random(1, 10000)
         0.000           0  \set op random(1, 10)
         0.000           0  \if :op <= 9
         0.361           0  INSERT INTO orders (order_id, customer_id, amount) VALUES (:order_id, :customer_id, :amount) ON CONFLICT DO NOTHING;
         0.000           0  \else
         0.368           0  UPDATE orders SET amount = :amount, status = 'updated' WHERE order_id = :update_target;
         0.000           0  \endif
progress: 5.0 s, 44562.9 tps, lat 0.358 ms stddev 0.126, 0 failed
